[21:22:04:490453 --4:00] [Thread 708] PLAYER: ( 76561198076381992 ) R Alpha 1-2:1 (Poptart) REMOTE SOLD ITEM V_TacVest_blk_POLICE FOR 25 POPTABS AND 2.5 RESPECT | PLAYER TOTAL MONEY: 25
[21:22:06:364432 --4:00] [Thread 9780] PLAYER: ( 76561198076381992 ) R Alpha 1-2:1 (Poptart) REMOTE SOLD ITEM B_AssaultPack_sgg FOR 45 POPTABS AND 4.5 RESPECT | PLAYER TOTAL MONEY: 70
[21:23:48:363694 --4:00] [Thread 708] PLAYER: ( 76561198076381992 ) R Alpha 1-2:1 (Poptart) REMOTE SOLD ITEM optic_Holosight_smg_blk_F FOR 25 POPTABS AND 2.5 RESPECT | PLAYER TOTAL MONEY: 25
[21:45:13:882066 --4:00] [Thread 11172] PLAYER: ( 76561198076381992 ) R Alpha 1-2:1 (Poptart) REMOTE PURCHASED VEHICLE Exile_Car_HMMWV_M2_Green FOR 40000 POPTABS | PLAYER TOTAL MONEY: 160000
[21:47:07:055030 --4:00] [Thread 1404] PLAYER: ( 76561198076381992 ) R Alpha 1-2:1 (Poptart) REMOTE PURCHASED ITEM B_Bergen_tna_F FOR 400 POPTABS | PLAYER TOTAL MONEY: 159600
[21:49:38:901816 --4:00] [Thread 1404] PLAYER: ( 76561198076381992 ) R Alpha 1-3:1 (Poptart) REMOTE PURCHASED ITEM srifle_DMR_03_multicam_F FOR 750 POPTABS | PLAYER TOTAL MONEY: 158850
[21:49:57:058074 --4:00] [Thread 11172] PLAYER: ( 76561198076381992 ) R Alpha 1-3:1 (Poptart) REMOTE PURCHASED ITEM optic_DMS FOR 150 POPTABS | PLAYER TOTAL MONEY: 158700
[21:49:59:654995 --4:00] [Thread 1404] PLAYER: ( 76561198076381992 ) R Alpha 1-3:1 (Poptart) REMOTE PURCHASED ITEM muzzle_snds_B_khk_F FOR 50 POPTABS | PLAYER TOTAL MONEY: 158650
[21:50:31:782417 --4:00] [Thread 1404] PLAYER: ( 76561198076381992 ) R Alpha 1-3:1 (Poptart) REMOTE PURCHASED ITEM 20Rnd_762x51_Mag FOR 20 POPTABS | PLAYER TOTAL MONEY: 158630
[21:50:32:223591 --4:00] [Thread 11172] PLAYER: ( 76561198076381992 ) R Alpha 1-3:1 (Poptart) REMOTE PURCHASED ITEM 20Rnd_762x51_Mag FOR 20 POPTABS | PLAYER TOTAL MONEY: 158610
[21:50:32:897368 --4:00] [Thread 1404] PLAYER: ( 76561198076381992 ) R Alpha 1-3:1 (Poptart) REMOTE PURCHASED ITEM 20Rnd_762x51_Mag FOR 20 POPTABS | PLAYER TOTAL MONEY: 158590
[21:50:33:338550 --4:00] [Thread 11172] PLAYER: ( 76561198076381992 ) R Alpha 1-3:1 (Poptart) REMOTE PURCHASED ITEM 20Rnd_762x51_Mag FOR 20 POPTABS | PLAYER TOTAL MONEY: 158570
[21:50:34:370292 --4:00] [Thread 1404] PLAYER: ( 76561198076381992 ) R Alpha 1-3:1 (Poptart) REMOTE PURCHASED ITEM 20Rnd_762x51_Mag FOR 20 POPTABS | PLAYER TOTAL MONEY: 158550
[21:50:35:022027 --4:00] [Thread 11172] PLAYER: ( 76561198076381992 ) R Alpha 1-3:1 (Poptart) REMOTE PURCHASED ITEM 20Rnd_762x51_Mag FOR 20 POPTABS | PLAYER TOTAL MONEY: 158530
[21:50:35:430117 --4:00] [Thread 1404] PLAYER: ( 76561198076381992 ) R Alpha 1-3:1 (Poptart) REMOTE PURCHASED ITEM 20Rnd_762x51_Mag FOR 20 POPTABS | PLAYER TOTAL MONEY: 158510
[21:50:36:082855 --4:00] [Thread 11172] PLAYER: ( 76561198076381992 ) R Alpha 1-3:1 (Poptart) REMOTE PURCHASED ITEM 20Rnd_762x51_Mag FOR 20 POPTABS | PLAYER TOTAL MONEY: 158490
[21:50:36:480922 --4:00] [Thread 1404] PLAYER: ( 76561198076381992 ) R Alpha 1-3:1 (Poptart) REMOTE PURCHASED ITEM 20Rnd_762x51_Mag FOR 20 POPTABS | PLAYER TOTAL MONEY: 158470
[21:50:37:133642 --4:00] [Thread 11172] PLAYER: ( 76561198076381992 ) R Alpha 1-3:1 (Poptart) REMOTE PURCHASED ITEM 20Rnd_762x51_Mag FOR 20 POPTABS | PLAYER TOTAL MONEY: 158450
[21:50:37:496610 --4:00] [Thread 1404] PLAYER: ( 76561198076381992 ) R Alpha 1-3:1 (Poptart) REMOTE PURCHASED ITEM 20Rnd_762x51_Mag FOR 20 POPTABS | PLAYER TOTAL MONEY: 158430
[21:53:21:274140 --4:00] [Thread 11172] PLAYER: ( 76561198076381992 ) R Alpha 1-3:1 (Poptart) REMOTE PURCHASED ITEM Exile_Item_DuctTape FOR 300 POPTABS | PLAYER TOTAL MONEY: 158130
[21:53:22:031139 --4:00] [Thread 1404] PLAYER: ( 76561198076381992 ) R Alpha 1-3:1 (Poptart) REMOTE PURCHASED ITEM Exile_Item_DuctTape FOR 300 POPTABS | PLAYER TOTAL MONEY: 157830
[21:53:22:747044 --4:00] [Thread 11172] PLAYER: ( 76561198076381992 ) R Alpha 1-3:1 (Poptart) REMOTE PURCHASED ITEM Exile_Item_DuctTape FOR 300 POPTABS | PLAYER TOTAL MONEY: 157530
[21:53:23:462950 --4:00] [Thread 1404] PLAYER: ( 76561198076381992 ) R Alpha 1-3:1 (Poptart) REMOTE PURCHASED ITEM Exile_Item_DuctTape FOR 300 POPTABS | PLAYER TOTAL MONEY: 157230
[21:53:24:242022 --4:00] [Thread 11172] PLAYER: ( 76561198076381992 ) R Alpha 1-3:1 (Poptart) REMOTE PURCHASED ITEM Exile_Item_DuctTape FOR 300 POPTABS | PLAYER TOTAL MONEY: 156930
[01:10:13:202502 --4:00] [Thread 7596] PLAYER: ( 76561198076381992 ) R Alpha 1-2:1 (Poptart) REMOTE PURCHASED ITEM B_Bergen_mcamo_F FOR 400 POPTABS | PLAYER TOTAL MONEY: 11600
[01:10:23:869855 --4:00] [Thread 7316] PLAYER: ( 76561198076381992 ) R Alpha 1-2:1 (Poptart) REMOTE PURCHASED ITEM U_O_V_Soldier_Viper_F FOR 150 POPTABS | PLAYER TOTAL MONEY: 11450
[01:10:47:707246 --4:00] [Thread 7596] PLAYER: ( 76561198076381992 ) R Alpha 1-2:1 (Poptart) REMOTE PURCHASED ITEM H_HelmetLeaderO_oucamo FOR 200 POPTABS | PLAYER TOTAL MONEY: 11250
[01:10:56:452489 --4:00] [Thread 7316] PLAYER: ( 76561198076381992 ) R Alpha 1-2:1 (Poptart) REMOTE PURCHASED ITEM G_Balaclava_TI_G_tna_F FOR 15 POPTABS | PLAYER TOTAL MONEY: 11235
[01:11:09:844096 --4:00] [Thread 7596] PLAYER: ( 76561198076381992 ) R Alpha 1-2:1 (Poptart) REMOTE PURCHASED ITEM V_PlateCarrierGL_blk FOR 500 POPTABS | PLAYER TOTAL MONEY: 10735
[01:11:19:558939 --4:00] [Thread 7316] PLAYER: ( 76561198076381992 ) R Alpha 1-2:1 (Poptart) REMOTE PURCHASED ITEM Exile_Item_InstaDoc FOR 1250 POPTABS | PLAYER TOTAL MONEY: 9485
[01:11:21:089008 --4:00] [Thread 7596] PLAYER: ( 76561198076381992 ) R Alpha 1-2:1 (Poptart) REMOTE PURCHASED ITEM Exile_Item_InstaDoc FOR 1250 POPTABS | PLAYER TOTAL MONEY: 8235
[01:11:22:641146 --4:00] [Thread 7316] PLAYER: ( 76561198076381992 ) R Alpha 1-2:1 (Poptart) REMOTE PURCHASED ITEM Exile_Item_Vishpirin FOR 300 POPTABS | PLAYER TOTAL MONEY: 7935
[01:11:52:803348 --4:00] [Thread 7596] PLAYER: ( 76561198076381992 ) R Alpha 1-2:1 (Poptart) REMOTE PURCHASED ITEM srifle_DMR_02_camo_F FOR 800 POPTABS | PLAYER TOTAL MONEY: 7135
[01:12:01:567646 --4:00] [Thread 7316] PLAYER: ( 76561198076381992 ) R Alpha 1-2:1 (Poptart) REMOTE PURCHASED ITEM bipod_03_F_blk FOR 10 POPTABS | PLAYER TOTAL MONEY: 7125
[01:12:04:438287 --4:00] [Thread 7596] PLAYER: ( 76561198076381992 ) R Alpha 1-2:1 (Poptart) REMOTE PURCHASED ITEM optic_ERCO_khk_F FOR 125 POPTABS | PLAYER TOTAL MONEY: 7000
[01:12:08:274476 --4:00] [Thread 7316] PLAYER: ( 76561198076381992 ) R Alpha 1-2:1 (Poptart) REMOTE PURCHASED ITEM muzzle_snds_338_green FOR 50 POPTABS | PLAYER TOTAL MONEY: 6950
[01:12:15:488678 --4:00] [Thread 7596] PLAYER: ( 76561198076381992 ) R Alpha 1-2:1 (Poptart) REMOTE PURCHASED ITEM optic_LRPS_ghex_F FOR 300 POPTABS | PLAYER TOTAL MONEY: 6650
[01:12:17:209254 --4:00] [Thread 7316] PLAYER: ( 76561198076381992 ) R Alpha 1-2:1 (Poptart) REMOTE PURCHASED ITEM Exile_Magazine_10Rnd_338_Bullet_Cam_Mag FOR 230 POPTABS | PLAYER TOTAL MONEY: 6420
[01:12:17:876023 --4:00] [Thread 7596] PLAYER: ( 76561198076381992 ) R Alpha 1-2:1 (Poptart) REMOTE PURCHASED ITEM Exile_Magazine_10Rnd_338_Bullet_Cam_Mag FOR 230 POPTABS | PLAYER TOTAL MONEY: 6190
[01:12:19:778080 --4:00] [Thread 7316] PLAYER: ( 76561198076381992 ) R Alpha 1-2:1 (Poptart) REMOTE PURCHASED ITEM Exile_Magazine_10Rnd_338_Bullet_Cam_Mag FOR 230 POPTABS | PLAYER TOTAL MONEY: 5960
[01:12:20:386700 --4:00] [Thread 7596] PLAYER: ( 76561198076381992 ) R Alpha 1-2:1 (Poptart) REMOTE PURCHASED ITEM Exile_Magazine_10Rnd_338_Bullet_Cam_Mag FOR 230 POPTABS | PLAYER TOTAL MONEY: 5730
[01:12:23:839885 --4:00] [Thread 7316] PLAYER: ( 76561198076381992 ) R Alpha 1-2:1 (Poptart) REMOTE PURCHASED ITEM Exile_Magazine_10Rnd_338_Bullet_Cam_Mag FOR 230 POPTABS | PLAYER TOTAL MONEY: 5500
[01:12:24:510672 --4:00] [Thread 7596] PLAYER: ( 76561198076381992 ) R Alpha 1-2:1 (Poptart) REMOTE PURCHASED ITEM Exile_Magazine_10Rnd_338_Bullet_Cam_Mag FOR 230 POPTABS | PLAYER TOTAL MONEY: 5270
[01:12:24:907720 --4:00] [Thread 7316] PLAYER: ( 76561198076381992 ) R Alpha 1-2:1 (Poptart) REMOTE PURCHASED ITEM Exile_Magazine_10Rnd_338_Bullet_Cam_Mag FOR 230 POPTABS | PLAYER TOTAL MONEY: 5040
[01:12:25:599561 --4:00] [Thread 7596] PLAYER: ( 76561198076381992 ) R Alpha 1-2:1 (Poptart) REMOTE PURCHASED ITEM Exile_Magazine_10Rnd_338_Bullet_Cam_Mag FOR 230 POPTABS | PLAYER TOTAL MONEY: 4810
[01:14:08:010130 --4:00] [Thread 2036] PLAYER: ( 76561198076381992 ) R Alpha 1-2:1 (Poptart) REMOTE PURCHASED VEHICLE Exile_Car_QilinUnarmed FOR 21000 POPTABS | PLAYER TOTAL MONEY: 233810
[01:16:31:919087 --4:00] [Thread 2036] PLAYER: ( 76561198076381992 ) R Alpha 1-2:1 (Poptart) REMOTE PURCHASED VEHICLE Exile_Chopper_Orca_BlackCustom FOR 28000 POPTABS | PLAYER TOTAL MONEY: 205810
[13:17:39:551377 --4:00] [Thread 6548] PLAYER: ( 76561198076381992 ) R Alpha 1-2:1 (Poptart) REMOTE PURCHASED VEHICLE Exile_Car_ProwlerUnarmed FOR 22000 POPTABS | PLAYER TOTAL MONEY: 28000
[13:18:55:119284 --4:00] [Thread 6980] PLAYER: ( 76561198076381992 ) R Alpha 1-2:1 (Poptart) REMOTE PURCHASED ITEM H_HelmetSpecO_blk FOR 100 POPTABS | PLAYER TOTAL MONEY: 27900
[13:18:59:500934 --4:00] [Thread 5040] PLAYER: ( 76561198076381992 ) R Alpha 1-2:1 (Poptart) REMOTE PURCHASED ITEM Exile_Item_InstaDoc FOR 1250 POPTABS | PLAYER TOTAL MONEY: 26650
[13:19:01:850176 --4:00] [Thread 6980] PLAYER: ( 76561198076381992 ) R Alpha 1-2:1 (Poptart) REMOTE PURCHASED ITEM V_PlateCarrierGL_blk FOR 500 POPTABS | PLAYER TOTAL MONEY: 26150
[13:20:12:505090 --4:00] [Thread 5040] PLAYER: ( 76561198076381992 ) R Alpha 1-2:1 (Poptart) REMOTE PURCHASED ITEM U_O_PilotCoveralls FOR 60 POPTABS | PLAYER TOTAL MONEY: 26090
[13:20:25:136675 --4:00] [Thread 6980] PLAYER: ( 76561198076381992 ) R Alpha 1-2:1 (Poptart) REMOTE PURCHASED ITEM B_Bergen_mcamo_F FOR 400 POPTABS | PLAYER TOTAL MONEY: 25690
[13:20:43:784247 --4:00] [Thread 5040] PLAYER: ( 76561198076381992 ) R Alpha 1-2:1 (Poptart) REMOTE PURCHASED ITEM Exile_Item_Vishpirin FOR 300 POPTABS | PLAYER TOTAL MONEY: 25390
[13:20:44:982434 --4:00] [Thread 6980] PLAYER: ( 76561198076381992 ) R Alpha 1-2:1 (Poptart) REMOTE PURCHASED ITEM Exile_Item_InstaDoc FOR 1250 POPTABS | PLAYER TOTAL MONEY: 24140
[13:20:48:324325 --4:00] [Thread 5040] PLAYER: ( 76561198076381992 ) R Alpha 1-2:1 (Poptart) REMOTE PURCHASED ITEM Exile_Item_InstaDoc FOR 1250 POPTABS | PLAYER TOTAL MONEY: 22890
[13:21:56:168734 --4:00] [Thread 6980] PLAYER: ( 76561198076381992 ) R Alpha 1-2:1 (Poptart) REMOTE PURCHASED ITEM arifle_MX_SW_F FOR 250 POPTABS | PLAYER TOTAL MONEY: 22640
[13:22:13:169936 --4:00] [Thread 5040] PLAYER: ( 76561198076381992 ) R Alpha 1-2:1 (Poptart) REMOTE PURCHASED ITEM optic_Nightstalker FOR 1000 POPTABS | PLAYER TOTAL MONEY: 21640
[13:22:17:027209 --4:00] [Thread 6980] PLAYER: ( 76561198076381992 ) R Alpha 1-2:1 (Poptart) REMOTE PURCHASED ITEM 100Rnd_65x39_caseless_mag_Tracer FOR 40 POPTABS | PLAYER TOTAL MONEY: 21600
[13:22:17:926591 --4:00] [Thread 5040] PLAYER: ( 76561198076381992 ) R Alpha 1-2:1 (Poptart) REMOTE PURCHASED ITEM 100Rnd_65x39_caseless_mag_Tracer FOR 40 POPTABS | PLAYER TOTAL MONEY: 21560
[13:22:18:636469 --4:00] [Thread 6980] PLAYER: ( 76561198076381992 ) R Alpha 1-2:1 (Poptart) REMOTE PURCHASED ITEM 100Rnd_65x39_caseless_mag_Tracer FOR 40 POPTABS | PLAYER TOTAL MONEY: 21520
[13:22:23:136453 --4:00] [Thread 5040] PLAYER: ( 76561198076381992 ) R Alpha 1-2:1 (Poptart) REMOTE PURCHASED ITEM muzzle_snds_H_MG_blk_F FOR 20 POPTABS | PLAYER TOTAL MONEY: 21500
[13:22:27:052868 --4:00] [Thread 6980] PLAYER: ( 76561198076381992 ) R Alpha 1-2:1 (Poptart) REMOTE PURCHASED ITEM bipod_01_F_khk FOR 10 POPTABS | PLAYER TOTAL MONEY: 21490
[13:22:32:208579 --4:00] [Thread 5040] PLAYER: ( 76561198076381992 ) R Alpha 1-2:1 (Poptart) REMOTE PURCHASED ITEM optic_Arco_blk_F FOR 100 POPTABS | PLAYER TOTAL MONEY: 21390
[14:21:34:069214 --4:00] [Thread 4972] PLAYER: ( 76561198076381992 ) R Alpha 1-2:1 (Poptart) REMOTE PURCHASED ITEM Exile_Item_DuctTape FOR 300 POPTABS | PLAYER TOTAL MONEY: 21190
[14:21:34:995660 --4:00] [Thread 10112] PLAYER: ( 76561198076381992 ) R Alpha 1-2:1 (Poptart) REMOTE PURCHASED ITEM Exile_Item_DuctTape FOR 300 POPTABS | PLAYER TOTAL MONEY: 20890
[14:21:35:795790 --4:00] [Thread 4972] PLAYER: ( 76561198076381992 ) R Alpha 1-2:1 (Poptart) REMOTE PURCHASED ITEM Exile_Item_DuctTape FOR 300 POPTABS | PLAYER TOTAL MONEY: 20590
[14:21:37:268701 --4:00] [Thread 10112] PLAYER: ( 76561198076381992 ) R Alpha 1-2:1 (Poptart) REMOTE PURCHASED ITEM Exile_Item_DuctTape FOR 300 POPTABS | PLAYER TOTAL MONEY: 20290
[14:21:40:615605 --4:00] [Thread 4972] PLAYER: ( 76561198076381992 ) R Alpha 1-2:1 (Poptart) REMOTE PURCHASED ITEM Rangefinder FOR 200 POPTABS | PLAYER TOTAL MONEY: 20090
[14:21:44:809758 --4:00] [Thread 10112] PLAYER: ( 76561198076381992 ) R Alpha 1-2:1 (Poptart) REMOTE PURCHASED ITEM Exile_Item_FuelCanisterEmpty FOR 40 POPTABS | PLAYER TOTAL MONEY: 20050
[14:21:48:702108 --4:00] [Thread 4972] PLAYER: ( 76561198076381992 ) R Alpha 1-2:1 (Poptart) REMOTE PURCHASED ITEM Exile_Item_CanOpener FOR 80 POPTABS | PLAYER TOTAL MONEY: 19970
[14:21:50:912985 --4:00] [Thread 10112] PLAYER: ( 76561198076381992 ) R Alpha 1-2:1 (Poptart) REMOTE PURCHASED ITEM Exile_Item_DuctTape FOR 300 POPTABS | PLAYER TOTAL MONEY: 19670
[14:21:52:281626 --4:00] [Thread 4972] PLAYER: ( 76561198076381992 ) R Alpha 1-2:1 (Poptart) REMOTE PURCHASED ITEM Exile_Item_DuctTape FOR 300 POPTABS | PLAYER TOTAL MONEY: 19370
[14:21:52:808029 --4:00] [Thread 10112] PLAYER: ( 76561198076381992 ) R Alpha 1-2:1 (Poptart) REMOTE PURCHASED ITEM Exile_Item_DuctTape FOR 300 POPTABS | PLAYER TOTAL MONEY: 19070
[14:23:17:714406 --4:00] [Thread 6436] PLAYER: ( 76561198076381992 ) R Alpha 1-2:1 (Poptart) REMOTE PURCHASED VEHICLE Exile_Car_ProwlerLight FOR 22000 POPTABS | PLAYER TOTAL MONEY: 487070
[14:27:50:708915 --4:00] [Thread 6436] PLAYER: ( 76561198076381992 ) R Alpha 1-2:1 (Poptart) REMOTE PURCHASED VEHICLE Exile_Chopper_Huey_Green FOR 21000 POPTABS | PLAYER TOTAL MONEY: 466070
