extDB2: Version: 70
extDB2: https://github.com/Torndeco/extDB2
extDB2: Windows Version
Message: All development for extDB2 is done on a Linux Dedicated Server
Message: If you would like to Donate to extDB2 Development
Message: https://www.paypal.com/cgi-bin/webscr?cmd=_s-xclick&hosted_button_id=2SUEFTGABTAM2
Message: Also leave a message if there is any particular feature you would like to see added.
Message: Thanks for all the people that have donated.
Message: Torndeco: 20/02/15


extDB2: Found extdb-conf.ini
extDB2: Detected 8 Cores, Setting up 6 Worker Threads


[21:38:44:431356 --4:00] [Thread 8740] extDB2: Database Type: MySQL
[21:38:44:432732 --4:00] [Thread 8740] extDB2: Database Session Pool Started
[21:38:44:433804 --4:00] [Thread 8740] extDB2: SQL_CUSTOM_V2: Loading Template Filename: D:\Arma\Server\@exileserver\extDB\sql_custom_v2\exile.ini
[21:38:44:433917 --4:00] [Thread 8740] extDB2: SQL_CUSTOM_V2: Version 12 Detected, Latest Version 12 Available
[21:38:44:499777 --4:00] [Thread 8740] extDB2: LOG: Error: Failed opening file D:\Arma\Server\@exileserver\extDB\logs\2017\11\23\Exile_TradingLog.log for writing
[21:38:44:499798 --4:00] [Thread 8740] extDB2: Failed to Load Protocol: LOG
[21:38:44:554221 --4:00] [Thread 8740] extDB2: LOG: Error: Failed opening file D:\Arma\Server\@exileserver\extDB\logs\2017\11\23\Exile_DeathLog.log for writing
[21:38:44:554242 --4:00] [Thread 8740] extDB2: Failed to Load Protocol: LOG
[21:38:44:609369 --4:00] [Thread 8740] extDB2: LOG: Error: Failed opening file D:\Arma\Server\@exileserver\extDB\logs\2017\11\23\Exile_TerritoryLog.log for writing
[21:38:44:609391 --4:00] [Thread 8740] extDB2: Failed to Load Protocol: LOG
[21:39:00:959325 --4:00] [Thread 8740] extDB2: Stopping ...
