[21:46:25:397681 --4:00] [Thread 17320] PLAYER: ( 76561198076381992 ) R Derps:2 (Poptart) REMOTE PURCHASED ITEM U_O_V_Soldier_Viper_F FOR 150 POPTABS | PLAYER TOTAL MONEY: 99850
[21:46:47:866437 --4:00] [Thread 14480] PLAYER: ( 76561198076381992 ) R Derps:2 (Poptart) REMOTE PURCHASED ITEM H_HelmetLeaderO_oucamo FOR 200 POPTABS | PLAYER TOTAL MONEY: 99650
[21:46:53:381115 --4:00] [Thread 17320] PLAYER: ( 76561198076381992 ) R Derps:2 (Poptart) REMOTE PURCHASED ITEM Exile_Item_InstaDoc FOR 1250 POPTABS | PLAYER TOTAL MONEY: 98400
[21:46:57:737715 --4:00] [Thread 14480] PLAYER: ( 76561198076381992 ) R Derps:2 (Poptart) REMOTE PURCHASED ITEM B_Bergen_tna_F FOR 400 POPTABS | PLAYER TOTAL MONEY: 98000
[21:47:10:380353 --4:00] [Thread 17320] PLAYER: ( 76561198076381992 ) R Derps:2 (Poptart) REMOTE PURCHASED ITEM V_PlateCarrierGL_tna_F FOR 500 POPTABS | PLAYER TOTAL MONEY: 97500
[21:47:57:360368 --4:00] [Thread 14480] PLAYER: ( 76561198076381992 ) R Derps:2 (Poptart) REMOTE PURCHASED ITEM srifle_DMR_04_F FOR 700 POPTABS | PLAYER TOTAL MONEY: 96800
[21:48:04:621660 --4:00] [Thread 17320] PLAYER: ( 76561198076381992 ) R Derps:2 (Poptart) REMOTE PURCHASED ITEM acc_pointer_IR FOR 10 POPTABS | PLAYER TOTAL MONEY: 96790
[21:48:07:945498 --4:00] [Thread 14480] PLAYER: ( 76561198076381992 ) R Derps:2 (Poptart) REMOTE PURCHASED ITEM bipod_02_F_blk FOR 10 POPTABS | PLAYER TOTAL MONEY: 96780
[21:48:11:925089 --4:00] [Thread 17320] PLAYER: ( 76561198076381992 ) R Derps:2 (Poptart) REMOTE PURCHASED ITEM optic_DMS FOR 150 POPTABS | PLAYER TOTAL MONEY: 96630
[21:48:15:646992 --4:00] [Thread 14480] PLAYER: ( 76561198076381992 ) R Derps:2 (Poptart) REMOTE PURCHASED ITEM optic_Nightstalker FOR 1000 POPTABS | PLAYER TOTAL MONEY: 95630
[21:48:42:224714 --4:00] [Thread 17320] PLAYER: ( 76561198076381992 ) R Derps:2 (Poptart) REMOTE PURCHASED ITEM 10Rnd_127x54_Mag FOR 30 POPTABS | PLAYER TOTAL MONEY: 95600
[21:48:42:603729 --4:00] [Thread 14480] PLAYER: ( 76561198076381992 ) R Derps:2 (Poptart) REMOTE PURCHASED ITEM 10Rnd_127x54_Mag FOR 30 POPTABS | PLAYER TOTAL MONEY: 95570
[21:48:43:445962 --4:00] [Thread 17320] PLAYER: ( 76561198076381992 ) R Derps:2 (Poptart) REMOTE PURCHASED ITEM 10Rnd_127x54_Mag FOR 30 POPTABS | PLAYER TOTAL MONEY: 95540
[21:48:43:803919 --4:00] [Thread 14480] PLAYER: ( 76561198076381992 ) R Derps:2 (Poptart) REMOTE PURCHASED ITEM 10Rnd_127x54_Mag FOR 30 POPTABS | PLAYER TOTAL MONEY: 95510
[21:48:44:435593 --4:00] [Thread 17320] PLAYER: ( 76561198076381992 ) R Derps:2 (Poptart) REMOTE PURCHASED ITEM 10Rnd_127x54_Mag FOR 30 POPTABS | PLAYER TOTAL MONEY: 95480
[21:48:44:983061 --4:00] [Thread 14480] PLAYER: ( 76561198076381992 ) R Derps:2 (Poptart) REMOTE PURCHASED ITEM 10Rnd_127x54_Mag FOR 30 POPTABS | PLAYER TOTAL MONEY: 95450
[21:48:45:572625 --4:00] [Thread 17320] PLAYER: ( 76561198076381992 ) R Derps:2 (Poptart) REMOTE PURCHASED ITEM 10Rnd_127x54_Mag FOR 30 POPTABS | PLAYER TOTAL MONEY: 95420
[21:48:46:099027 --4:00] [Thread 14480] PLAYER: ( 76561198076381992 ) R Derps:2 (Poptart) REMOTE PURCHASED ITEM 10Rnd_127x54_Mag FOR 30 POPTABS | PLAYER TOTAL MONEY: 95390
[21:48:46:835993 --4:00] [Thread 17320] PLAYER: ( 76561198076381992 ) R Derps:2 (Poptart) REMOTE PURCHASED ITEM 10Rnd_127x54_Mag FOR 30 POPTABS | PLAYER TOTAL MONEY: 95360
[21:48:47:339336 --4:00] [Thread 14480] PLAYER: ( 76561198076381992 ) R Derps:2 (Poptart) REMOTE PURCHASED ITEM 10Rnd_127x54_Mag FOR 30 POPTABS | PLAYER TOTAL MONEY: 95330
[21:48:48:033170 --4:00] [Thread 17320] PLAYER: ( 76561198076381992 ) R Derps:2 (Poptart) REMOTE PURCHASED ITEM 10Rnd_127x54_Mag FOR 30 POPTABS | PLAYER TOTAL MONEY: 95300
[21:48:48:496399 --4:00] [Thread 14480] PLAYER: ( 76561198076381992 ) R Derps:2 (Poptart) REMOTE PURCHASED ITEM 10Rnd_127x54_Mag FOR 30 POPTABS | PLAYER TOTAL MONEY: 95270
[21:48:49:064912 --4:00] [Thread 17320] PLAYER: ( 76561198076381992 ) R Derps:2 (Poptart) REMOTE PURCHASED ITEM 10Rnd_127x54_Mag FOR 30 POPTABS | PLAYER TOTAL MONEY: 95240
[21:48:49:464977 --4:00] [Thread 14480] PLAYER: ( 76561198076381992 ) R Derps:2 (Poptart) REMOTE PURCHASED ITEM 10Rnd_127x54_Mag FOR 30 POPTABS | PLAYER TOTAL MONEY: 95210
[21:48:50:011435 --4:00] [Thread 17320] PLAYER: ( 76561198076381992 ) R Derps:2 (Poptart) REMOTE PURCHASED ITEM 10Rnd_127x54_Mag FOR 30 POPTABS | PLAYER TOTAL MONEY: 95180
[21:48:50:411495 --4:00] [Thread 14480] PLAYER: ( 76561198076381992 ) R Derps:2 (Poptart) REMOTE PURCHASED ITEM 10Rnd_127x54_Mag FOR 30 POPTABS | PLAYER TOTAL MONEY: 95150
[21:48:50:937908 --4:00] [Thread 17320] PLAYER: ( 76561198076381992 ) R Derps:2 (Poptart) REMOTE PURCHASED ITEM 10Rnd_127x54_Mag FOR 30 POPTABS | PLAYER TOTAL MONEY: 95120
[21:48:51:294845 --4:00] [Thread 14480] PLAYER: ( 76561198076381992 ) R Derps:2 (Poptart) REMOTE PURCHASED ITEM 10Rnd_127x54_Mag FOR 30 POPTABS | PLAYER TOTAL MONEY: 95090
[21:48:51:863362 --4:00] [Thread 17320] PLAYER: ( 76561198076381992 ) R Derps:2 (Poptart) REMOTE PURCHASED ITEM 10Rnd_127x54_Mag FOR 30 POPTABS | PLAYER TOTAL MONEY: 95060
[21:49:37:282206 --4:00] [Thread 14480] PLAYER: ( 76561198076381992 ) R Derps:2 (Poptart) REMOTE PURCHASED ITEM Exile_Item_ExtensionCord FOR 40 POPTABS | PLAYER TOTAL MONEY: 95020
[21:49:37:850722 --4:00] [Thread 17320] PLAYER: ( 76561198076381992 ) R Derps:2 (Poptart) REMOTE PURCHASED ITEM Exile_Item_ExtensionCord FOR 40 POPTABS | PLAYER TOTAL MONEY: 94980
[21:49:38:502452 --4:00] [Thread 14480] PLAYER: ( 76561198076381992 ) R Derps:2 (Poptart) REMOTE PURCHASED ITEM Exile_Item_ExtensionCord FOR 40 POPTABS | PLAYER TOTAL MONEY: 94940
[21:49:39:321629 --4:00] [Thread 17320] PLAYER: ( 76561198076381992 ) R Derps:2 (Poptart) REMOTE PURCHASED ITEM Exile_Item_ExtensionCord FOR 40 POPTABS | PLAYER TOTAL MONEY: 94900
[21:50:34:238756 --4:00] [Thread 16972] PLAYER: ( 76561198076381992 ) R Derps:2 (Poptart) REMOTE PURCHASED VEHICLE Exile_Car_Van_Fuel_Black FOR 15000 POPTABS | PLAYER TOTAL MONEY: 79900
[21:52:51:059212 --4:00] [Thread 16972] PLAYER: ( 76561198076381992 ) R Derps:2 (Poptart) REMOTE PURCHASED VEHICLE Exile_Chopper_Taru_Transport_Black FOR 17000 POPTABS | PLAYER TOTAL MONEY: 62900
[22:10:46:098194 --4:00] [Thread 14480] PLAYER: ( 76561198076381992 ) R Derps:2 (Poptart) REMOTE PURCHASED ITEM Exile_Item_DuctTape FOR 300 POPTABS | PLAYER TOTAL MONEY: 62750
[22:10:46:598528 --4:00] [Thread 17320] PLAYER: ( 76561198076381992 ) R Derps:2 (Poptart) REMOTE PURCHASED ITEM Exile_Item_DuctTape FOR 300 POPTABS | PLAYER TOTAL MONEY: 62450
[22:10:47:229196 --4:00] [Thread 17320] PLAYER: ( 76561198076381992 ) R Derps:2 (Poptart) REMOTE PURCHASED ITEM Exile_Item_DuctTape FOR 300 POPTABS | PLAYER TOTAL MONEY: 62150
[22:10:47:776652 --4:00] [Thread 17320] PLAYER: ( 76561198076381992 ) R Derps:2 (Poptart) REMOTE PURCHASED ITEM Exile_Item_DuctTape FOR 300 POPTABS | PLAYER TOTAL MONEY: 61850
[22:12:44:347322 --4:00] [Thread 16972] PLAYER: ( 76561198076381992 ) R Derps:2 (Poptart) REMOTE PURCHASED VEHICLE Exile_Car_Van_Box_Black FOR 17000 POPTABS | PLAYER TOTAL MONEY: 44850
[00:06:19:103925 --4:00] [Thread 12188] PLAYER: ( 76561198076381992 ) R Derps:1 (Poptart) REMOTE SOLD ITEM Exile_Uniform_BambiOverall FOR 1 POPTABS AND 0.1 RESPECT | PLAYER TOTAL MONEY: 100001
[00:06:30:597434 --4:00] [Thread 12188] PLAYER: ( 76561198076381992 ) R Derps:1 (Poptart) REMOTE PURCHASED ITEM U_O_Wetsuit FOR 80 POPTABS | PLAYER TOTAL MONEY: 99921
[00:06:35:796274 --4:00] [Thread 2544] PLAYER: ( 76561198076381992 ) R Derps:1 (Poptart) REMOTE PURCHASED ITEM H_HelmetLeaderO_oucamo FOR 200 POPTABS | PLAYER TOTAL MONEY: 99721
[00:06:42:341678 --4:00] [Thread 12188] PLAYER: ( 76561198076381992 ) R Derps:1 (Poptart) REMOTE PURCHASED ITEM G_Balaclava_TI_G_tna_F FOR 15 POPTABS | PLAYER TOTAL MONEY: 99706
[00:06:51:539174 --4:00] [Thread 2544] PLAYER: ( 76561198076381992 ) R Derps:1 (Poptart) REMOTE PURCHASED ITEM V_PlateCarrierGL_tna_F FOR 500 POPTABS | PLAYER TOTAL MONEY: 99206
[00:06:55:937875 --4:00] [Thread 12188] PLAYER: ( 76561198076381992 ) R Derps:1 (Poptart) REMOTE PURCHASED ITEM B_Bergen_tna_F FOR 400 POPTABS | PLAYER TOTAL MONEY: 98806
[00:06:59:769054 --4:00] [Thread 2544] PLAYER: ( 76561198076381992 ) R Derps:1 (Poptart) REMOTE PURCHASED ITEM Exile_Item_InstaDoc FOR 1250 POPTABS | PLAYER TOTAL MONEY: 97556
[00:07:00:906084 --4:00] [Thread 12188] PLAYER: ( 76561198076381992 ) R Derps:1 (Poptart) REMOTE PURCHASED ITEM Exile_Item_InstaDoc FOR 1250 POPTABS | PLAYER TOTAL MONEY: 96306
[00:07:02:021049 --4:00] [Thread 2544] PLAYER: ( 76561198076381992 ) R Derps:1 (Poptart) REMOTE PURCHASED ITEM Exile_Item_InstaDoc FOR 1250 POPTABS | PLAYER TOTAL MONEY: 95056
[00:07:42:371422 --4:00] [Thread 12188] PLAYER: ( 76561198076381992 ) R Derps:1 (Poptart) REMOTE PURCHASED ITEM srifle_DMR_05_hex_F FOR 850 POPTABS | PLAYER TOTAL MONEY: 94206
[00:07:59:569178 --4:00] [Thread 2544] PLAYER: ( 76561198076381992 ) R Derps:1 (Poptart) REMOTE PURCHASED ITEM optic_Nightstalker FOR 1000 POPTABS | PLAYER TOTAL MONEY: 93206
[00:08:00:810503 --4:00] [Thread 12188] PLAYER: ( 76561198076381992 ) R Derps:1 (Poptart) REMOTE PURCHASED ITEM Exile_Magazine_10Rnd_93x64_DMR_05_Bullet_Cam_Mag FOR 240 POPTABS | PLAYER TOTAL MONEY: 92966
[00:08:01:610607 --4:00] [Thread 2544] PLAYER: ( 76561198076381992 ) R Derps:1 (Poptart) REMOTE PURCHASED ITEM Exile_Magazine_10Rnd_93x64_DMR_05_Bullet_Cam_Mag FOR 240 POPTABS | PLAYER TOTAL MONEY: 92726
[00:08:02:031735 --4:00] [Thread 12188] PLAYER: ( 76561198076381992 ) R Derps:1 (Poptart) REMOTE PURCHASED ITEM Exile_Magazine_10Rnd_93x64_DMR_05_Bullet_Cam_Mag FOR 240 POPTABS | PLAYER TOTAL MONEY: 92486
[00:08:02:726579 --4:00] [Thread 2544] PLAYER: ( 76561198076381992 ) R Derps:1 (Poptart) REMOTE PURCHASED ITEM Exile_Magazine_10Rnd_93x64_DMR_05_Bullet_Cam_Mag FOR 240 POPTABS | PLAYER TOTAL MONEY: 92246
[00:08:03:147703 --4:00] [Thread 12188] PLAYER: ( 76561198076381992 ) R Derps:1 (Poptart) REMOTE PURCHASED ITEM Exile_Magazine_10Rnd_93x64_DMR_05_Bullet_Cam_Mag FOR 240 POPTABS | PLAYER TOTAL MONEY: 92006
[00:08:03:757319 --4:00] [Thread 2544] PLAYER: ( 76561198076381992 ) R Derps:1 (Poptart) REMOTE PURCHASED ITEM Exile_Magazine_10Rnd_93x64_DMR_05_Bullet_Cam_Mag FOR 240 POPTABS | PLAYER TOTAL MONEY: 91766
[00:08:04:052106 --4:00] [Thread 12188] PLAYER: ( 76561198076381992 ) R Derps:1 (Poptart) REMOTE PURCHASED ITEM Exile_Magazine_10Rnd_93x64_DMR_05_Bullet_Cam_Mag FOR 240 POPTABS | PLAYER TOTAL MONEY: 91526
[00:08:04:557457 --4:00] [Thread 2544] PLAYER: ( 76561198076381992 ) R Derps:1 (Poptart) REMOTE PURCHASED ITEM Exile_Magazine_10Rnd_93x64_DMR_05_Bullet_Cam_Mag FOR 240 POPTABS | PLAYER TOTAL MONEY: 91286
[00:08:08:410691 --4:00] [Thread 12188] PLAYER: ( 76561198076381992 ) R Derps:1 (Poptart) REMOTE PURCHASED ITEM muzzle_snds_93mmg_tan FOR 50 POPTABS | PLAYER TOTAL MONEY: 91236
[00:08:12:201776 --4:00] [Thread 2544] PLAYER: ( 76561198076381992 ) R Derps:1 (Poptart) REMOTE PURCHASED ITEM bipod_03_F_oli FOR 10 POPTABS | PLAYER TOTAL MONEY: 91226
[00:08:16:706761 --4:00] [Thread 12188] PLAYER: ( 76561198076381992 ) R Derps:1 (Poptart) REMOTE PURCHASED ITEM acc_pointer_IR FOR 10 POPTABS | PLAYER TOTAL MONEY: 91216
[00:09:00:497272 --4:00] [Thread 2544] PLAYER: ( 76561198076381992 ) R Derps:1 (Poptart) REMOTE PURCHASED ITEM Exile_Item_DuctTape FOR 300 POPTABS | PLAYER TOTAL MONEY: 90916
[00:09:01:213179 --4:00] [Thread 12188] PLAYER: ( 76561198076381992 ) R Derps:1 (Poptart) REMOTE PURCHASED ITEM Exile_Item_DuctTape FOR 300 POPTABS | PLAYER TOTAL MONEY: 90616
[00:09:01:759634 --4:00] [Thread 12188] PLAYER: ( 76561198076381992 ) R Derps:1 (Poptart) REMOTE PURCHASED ITEM Exile_Item_DuctTape FOR 300 POPTABS | PLAYER TOTAL MONEY: 90316
[00:09:02:286032 --4:00] [Thread 12188] PLAYER: ( 76561198076381992 ) R Derps:1 (Poptart) REMOTE PURCHASED ITEM Exile_Item_DuctTape FOR 300 POPTABS | PLAYER TOTAL MONEY: 90016
[00:09:02:791383 --4:00] [Thread 12188] PLAYER: ( 76561198076381992 ) R Derps:1 (Poptart) REMOTE PURCHASED ITEM Exile_Item_DuctTape FOR 300 POPTABS | PLAYER TOTAL MONEY: 89716
[00:09:03:359897 --4:00] [Thread 2544] PLAYER: ( 76561198076381992 ) R Derps:1 (Poptart) REMOTE PURCHASED ITEM Exile_Item_DuctTape FOR 300 POPTABS | PLAYER TOTAL MONEY: 89416
[00:16:15:121032 --4:00] [Thread 16728] PLAYER: ( 76561198076381992 ) R Derps:1 (Poptart) REMOTE PURCHASED VEHICLE Exile_Chopper_Taru_Transport_Black FOR 17000 POPTABS | PLAYER TOTAL MONEY: 72516
