[22:06:36:849027 --4:00] [Thread 12368] Poptart commited suicide!
[23:30:38:335886 --4:00] [Thread 12368] Aurora was killed by an NPC!
[23:35:59:984150 --4:00] [Thread 6648] Aurora was killed by an NPC!
[23:41:58:359353 --4:00] [Thread 9820] Poptart commited suicide!
[23:42:43:481084 --4:00] [Thread 6648] Poptart commited suicide!
[23:56:37:237599 --4:00] [Thread 9820] Poptart commited suicide!
[00:24:17:818495 --4:00] [Thread 6648] Poptart was killed by an NPC!
[00:25:07:269483 --4:00] [Thread 12368] Anthony was killed by an NPC!
[00:25:37:313440 --4:00] [Thread 14912] Poptart commited suicide!
[00:28:52:560795 --4:00] [Thread 6648] Poptart was killed by an NPC!
[00:31:32:164469 --4:00] [Thread 6648] Poptart commited suicide!
[00:33:28:294579 --4:00] [Thread 9820] Anthony was killed by an NPC!
[00:33:50:187833 --4:00] [Thread 12004] Poptart commited suicide!
[00:37:27:965333 --4:00] [Thread 12004] Poptart was killed by an NPC!
[00:38:05:008235 --4:00] [Thread 6648] Anthony was killed by Aurora! (First Blood)
[00:46:40:064220 --4:00] [Thread 6648] Poptart died an awkward death.
[00:46:40:210490 --4:00] [Thread 6648] Anthony died because the universe hates him.
[00:50:01:906295 --4:00] [Thread 14912] Anthony was killed by an NPC!
[01:49:49:824104 --4:00] [Thread 12188] Anthony commited suicide!
[01:52:12:241044 --4:00] [Thread 16008] Anthony commited suicide!
[01:58:11:678412 --4:00] [Thread 16320] Poptart commited suicide!
[02:02:12:855584 --4:00] [Thread 13024] Poptart commited suicide!
[02:06:04:254805 --4:00] [Thread 16008] Poptart died because that's why.
[02:06:59:140189 --4:00] [Thread 16320] Aurora was killed by an NPC!
[02:14:27:768126 --4:00] [Thread 16320] Aurora was killed by an NPC!
[14:24:16:337771 --4:00] [Thread 12188] Poptart was killed by an NPC!
[14:26:38:718828 --4:00] [Thread 16320] Poptart commited suicide!
[14:46:04:784116 --4:00] [Thread 16008] Poptart was killed by an NPC!
[17:45:57:156378 --4:00] [Thread 728] Poptart commited suicide!
