[22:09:58:733895 --4:00] [Thread 12368] PLAYER: ( 76561198076381992 ) R Alpha 1-2:1 (Poptart) REMOTE SOLD ITEM: Exile_Car_SUV_Red (ID# <null>) with Cargo [] FOR 7000 POPTABS AND 700 RESPECT | PLAYER TOTAL MONEY: 7000
[22:10:59:394479 --4:00] [Thread 12368] PLAYER: ( 76561198076381992 ) R Alpha 1-2:1 (Poptart) REMOTE PURCHASED VEHICLE Exile_Car_SUV_Red FOR 14000 POPTABS | PLAYER TOTAL MONEY: 43000
[22:13:31:433798 --4:00] [Thread 12368] PLAYER: ( 76561198076381992 ) R Alpha 1-2:1 (Poptart) REMOTE PURCHASED VEHICLE Exile_Chopper_Taru_Transport_Black FOR 17000 POPTABS | PLAYER TOTAL MONEY: 26000
[22:20:37:491312 --4:00] [Thread 6648] PLAYER: ( 76561198076381992 ) R Alpha 1-2:1 (Poptart) REMOTE PURCHASED ITEM U_O_Wetsuit FOR 80 POPTABS | PLAYER TOTAL MONEY: 25920
[22:20:47:931085 --4:00] [Thread 14912] PLAYER: ( 76561198076381992 ) R Alpha 1-2:1 (Poptart) REMOTE PURCHASED ITEM V_PlateCarrierGL_blk FOR 500 POPTABS | PLAYER TOTAL MONEY: 25420
[22:20:55:500244 --4:00] [Thread 6648] PLAYER: ( 76561198076381992 ) R Alpha 1-2:1 (Poptart) REMOTE PURCHASED ITEM B_Bergen_dgtl_F FOR 400 POPTABS | PLAYER TOTAL MONEY: 25020
[22:21:32:593928 --4:00] [Thread 14912] PLAYER: ( 76561198076381992 ) R Alpha 1-2:1 (Poptart) REMOTE PURCHASED ITEM H_HelmetSpecO_blk FOR 100 POPTABS | PLAYER TOTAL MONEY: 24920
[22:21:51:472154 --4:00] [Thread 6648] PLAYER: ( 76561198076381992 ) R Alpha 1-2:1 (Poptart) REMOTE PURCHASED ITEM G_Balaclava_TI_G_tna_F FOR 15 POPTABS | PLAYER TOTAL MONEY: 24905
[22:22:29:824208 --4:00] [Thread 14912] PLAYER: ( 76561198076381992 ) R Alpha 1-2:1 (Poptart) REMOTE PURCHASED ITEM Exile_Item_BeefParts FOR 18 POPTABS | PLAYER TOTAL MONEY: 24887
[22:22:30:706555 --4:00] [Thread 6648] PLAYER: ( 76561198076381992 ) R Alpha 1-2:1 (Poptart) REMOTE PURCHASED ITEM Exile_Item_BeefParts FOR 18 POPTABS | PLAYER TOTAL MONEY: 24869
[22:22:32:132347 --4:00] [Thread 14912] PLAYER: ( 76561198076381992 ) R Alpha 1-2:1 (Poptart) REMOTE PURCHASED ITEM Exile_Item_BeefParts FOR 18 POPTABS | PLAYER TOTAL MONEY: 24851
[22:22:36:287402 --4:00] [Thread 14912] PLAYER: ( 76561198076381992 ) R Alpha 1-2:1 (Poptart) REMOTE PURCHASED ITEM Exile_Item_ChocolateMilk FOR 25 POPTABS | PLAYER TOTAL MONEY: 24826
[22:22:37:108590 --4:00] [Thread 6648] PLAYER: ( 76561198076381992 ) R Alpha 1-2:1 (Poptart) REMOTE PURCHASED ITEM Exile_Item_ChocolateMilk FOR 25 POPTABS | PLAYER TOTAL MONEY: 24801
[22:22:37:947823 --4:00] [Thread 14912] PLAYER: ( 76561198076381992 ) R Alpha 1-2:1 (Poptart) REMOTE PURCHASED ITEM Exile_Item_ChocolateMilk FOR 25 POPTABS | PLAYER TOTAL MONEY: 24776
[22:22:38:619613 --4:00] [Thread 6648] PLAYER: ( 76561198076381992 ) R Alpha 1-2:1 (Poptart) REMOTE PURCHASED ITEM Exile_Item_ChocolateMilk FOR 25 POPTABS | PLAYER TOTAL MONEY: 24751
[22:23:21:939882 --4:00] [Thread 14912] PLAYER: ( 76561198076381992 ) R Alpha 1-2:1 (Poptart) REMOTE PURCHASED ITEM srifle_DMR_07_hex_F FOR 750 POPTABS | PLAYER TOTAL MONEY: 24001
[22:23:41:119904 --4:00] [Thread 6648] PLAYER: ( 76561198076381992 ) R Alpha 1-2:1 (Poptart) REMOTE PURCHASED ITEM optic_AMS_khk FOR 300 POPTABS | PLAYER TOTAL MONEY: 23701
[22:23:44:940087 --4:00] [Thread 14912] PLAYER: ( 76561198076381992 ) R Alpha 1-2:1 (Poptart) REMOTE PURCHASED ITEM muzzle_snds_65_TI_hex_F FOR 75 POPTABS | PLAYER TOTAL MONEY: 23626
[22:23:52:288631 --4:00] [Thread 6648] PLAYER: ( 76561198076381992 ) R Alpha 1-2:1 (Poptart) REMOTE PURCHASED ITEM optic_ERCO_khk_F FOR 125 POPTABS | PLAYER TOTAL MONEY: 23501
[22:24:04:776860 --4:00] [Thread 14912] PLAYER: ( 76561198076381992 ) R Alpha 1-2:1 (Poptart) REMOTE PURCHASED ITEM 20Rnd_650x39_Cased_Mag_F FOR 20 POPTABS | PLAYER TOTAL MONEY: 23481
[22:24:05:491762 --4:00] [Thread 6648] PLAYER: ( 76561198076381992 ) R Alpha 1-2:1 (Poptart) REMOTE PURCHASED ITEM 20Rnd_650x39_Cased_Mag_F FOR 20 POPTABS | PLAYER TOTAL MONEY: 23461
[22:24:06:816286 --4:00] [Thread 14912] PLAYER: ( 76561198076381992 ) R Alpha 1-2:1 (Poptart) REMOTE PURCHASED ITEM 20Rnd_650x39_Cased_Mag_F FOR 20 POPTABS | PLAYER TOTAL MONEY: 23441
[22:24:07:801907 --4:00] [Thread 6648] PLAYER: ( 76561198076381992 ) R Alpha 1-2:1 (Poptart) REMOTE PURCHASED ITEM 20Rnd_650x39_Cased_Mag_F FOR 20 POPTABS | PLAYER TOTAL MONEY: 23421
[22:24:08:705315 --4:00] [Thread 14912] PLAYER: ( 76561198076381992 ) R Alpha 1-2:1 (Poptart) REMOTE PURCHASED ITEM 20Rnd_650x39_Cased_Mag_F FOR 20 POPTABS | PLAYER TOTAL MONEY: 23401
[22:24:09:563604 --4:00] [Thread 6648] PLAYER: ( 76561198076381992 ) R Alpha 1-2:1 (Poptart) REMOTE PURCHASED ITEM 20Rnd_650x39_Cased_Mag_F FOR 20 POPTABS | PLAYER TOTAL MONEY: 23381
[22:24:10:465997 --4:00] [Thread 14912] PLAYER: ( 76561198076381992 ) R Alpha 1-2:1 (Poptart) REMOTE PURCHASED ITEM 20Rnd_650x39_Cased_Mag_F FOR 20 POPTABS | PLAYER TOTAL MONEY: 23361
[22:24:11:012454 --4:00] [Thread 6648] PLAYER: ( 76561198076381992 ) R Alpha 1-2:1 (Poptart) REMOTE PURCHASED ITEM 20Rnd_650x39_Cased_Mag_F FOR 20 POPTABS | PLAYER TOTAL MONEY: 23341
[22:24:12:230694 --4:00] [Thread 14912] PLAYER: ( 76561198076381992 ) R Alpha 1-2:1 (Poptart) REMOTE PURCHASED ITEM 20Rnd_650x39_Cased_Mag_F FOR 20 POPTABS | PLAYER TOTAL MONEY: 23321
[22:24:13:047866 --4:00] [Thread 6648] PLAYER: ( 76561198076381992 ) R Alpha 1-2:1 (Poptart) REMOTE PURCHASED ITEM 20Rnd_650x39_Cased_Mag_F FOR 20 POPTABS | PLAYER TOTAL MONEY: 23301
[22:24:14:454610 --4:00] [Thread 14912] PLAYER: ( 76561198076381992 ) R Alpha 1-2:1 (Poptart) REMOTE PURCHASED ITEM 20Rnd_650x39_Cased_Mag_F FOR 20 POPTABS | PLAYER TOTAL MONEY: 23281
[22:24:14:936895 --4:00] [Thread 6648] PLAYER: ( 76561198076381992 ) R Alpha 1-2:1 (Poptart) REMOTE PURCHASED ITEM 20Rnd_650x39_Cased_Mag_F FOR 20 POPTABS | PLAYER TOTAL MONEY: 23261
[22:26:22:434115 --4:00] [Thread 14912] PLAYER: ( 76561198076381992 ) R Alpha 1-2:1 (Poptart) REMOTE PURCHASED ITEM Rangefinder FOR 200 POPTABS | PLAYER TOTAL MONEY: 23061
[22:26:25:751950 --4:00] [Thread 6648] PLAYER: ( 76561198076381992 ) R Alpha 1-2:1 (Poptart) REMOTE PURCHASED ITEM ItemGPS FOR 40 POPTABS | PLAYER TOTAL MONEY: 23021
[22:26:32:077780 --4:00] [Thread 14912] PLAYER: ( 76561198076381992 ) R Alpha 1-2:1 (Poptart) REMOTE PURCHASED ITEM Exile_Item_CanOpener FOR 80 POPTABS | PLAYER TOTAL MONEY: 22941
[22:26:33:380236 --4:00] [Thread 6648] PLAYER: ( 76561198076381992 ) R Alpha 1-2:1 (Poptart) REMOTE PURCHASED ITEM Exile_Item_DuctTape FOR 300 POPTABS | PLAYER TOTAL MONEY: 22641
[22:26:34:199417 --4:00] [Thread 14912] PLAYER: ( 76561198076381992 ) R Alpha 1-2:1 (Poptart) REMOTE PURCHASED ITEM Exile_Item_DuctTape FOR 300 POPTABS | PLAYER TOTAL MONEY: 22341
[22:26:34:767932 --4:00] [Thread 6648] PLAYER: ( 76561198076381992 ) R Alpha 1-2:1 (Poptart) REMOTE PURCHASED ITEM Exile_Item_DuctTape FOR 300 POPTABS | PLAYER TOTAL MONEY: 22041
[22:26:41:243155 --4:00] [Thread 14912] PLAYER: ( 76561198076381992 ) R Alpha 1-2:1 (Poptart) REMOTE PURCHASED ITEM Exile_Item_FuelCanisterEmpty FOR 40 POPTABS | PLAYER TOTAL MONEY: 22001
[22:26:41:915949 --4:00] [Thread 6648] PLAYER: ( 76561198076381992 ) R Alpha 1-2:1 (Poptart) REMOTE PURCHASED ITEM Exile_Item_FuelCanisterEmpty FOR 40 POPTABS | PLAYER TOTAL MONEY: 21961
[22:26:42:400238 --4:00] [Thread 14912] PLAYER: ( 76561198076381992 ) R Alpha 1-2:1 (Poptart) REMOTE PURCHASED ITEM Exile_Item_FuelCanisterEmpty FOR 40 POPTABS | PLAYER TOTAL MONEY: 21921
[22:26:49:699663 --4:00] [Thread 6648] PLAYER: ( 76561198076381992 ) R Alpha 1-2:1 (Poptart) REMOTE PURCHASED ITEM Exile_Item_FuelCanisterEmpty FOR 40 POPTABS | PLAYER TOTAL MONEY: 21881
[22:26:51:066297 --4:00] [Thread 14912] PLAYER: ( 76561198076381992 ) R Alpha 1-2:1 (Poptart) REMOTE PURCHASED ITEM Exile_Item_FuelCanisterEmpty FOR 40 POPTABS | PLAYER TOTAL MONEY: 21841
[22:26:52:158199 --4:00] [Thread 14912] PLAYER: ( 76561198076381992 ) R Alpha 1-2:1 (Poptart) REMOTE PURCHASED ITEM Exile_Item_FuelCanisterEmpty FOR 40 POPTABS | PLAYER TOTAL MONEY: 21801
[22:26:53:082660 --4:00] [Thread 14912] PLAYER: ( 76561198076381992 ) R Alpha 1-2:1 (Poptart) REMOTE PURCHASED ITEM Exile_Item_FuelCanisterEmpty FOR 40 POPTABS | PLAYER TOTAL MONEY: 21761
[22:26:53:901839 --4:00] [Thread 14912] PLAYER: ( 76561198076381992 ) R Alpha 1-2:1 (Poptart) REMOTE PURCHASED ITEM Exile_Item_FuelCanisterEmpty FOR 40 POPTABS | PLAYER TOTAL MONEY: 21721
[22:53:34:000421 --4:00] [Thread 9820] PLAYER: ( 76561198076381992 ) R Alpha 1-2:1 (Poptart) REMOTE SOLD ITEM: Exile_Car_SUV_Red (ID# 16) with Cargo [] FOR 7000 POPTABS AND 700 RESPECT | PLAYER TOTAL MONEY: 28921
[22:53:38:400717 --4:00] [Thread 9820] PLAYER: ( 76561198076381992 ) R Alpha 1-2:1 (Poptart) REMOTE SOLD ITEM: Exile_Chopper_Taru_Transport_Black (ID# 17) with Cargo ["B_Carryall_oli","20Rnd_762x51_Mag","20Rnd_762x51_Mag","LMG_Zafir_F","Exile_Weapon_SVD","Exile_Magazine_10Rnd_762x54"] FOR 755 POPTABS AND 75.5 RESPECT | PLAYER TOTAL MONEY: 29676
[22:54:02:399829 --4:00] [Thread 14912] PLAYER: ( 76561198076381992 ) R Alpha 1-2:1 (Poptart) REMOTE PURCHASED ITEM Exile_Item_InstaDoc FOR 1250 POPTABS | PLAYER TOTAL MONEY: 28426
[22:54:03:072621 --4:00] [Thread 6648] PLAYER: ( 76561198076381992 ) R Alpha 1-2:1 (Poptart) REMOTE PURCHASED ITEM Exile_Item_InstaDoc FOR 1250 POPTABS | PLAYER TOTAL MONEY: 27176
[22:54:03:513795 --4:00] [Thread 14912] PLAYER: ( 76561198076381992 ) R Alpha 1-2:1 (Poptart) REMOTE PURCHASED ITEM Exile_Item_InstaDoc FOR 1250 POPTABS | PLAYER TOTAL MONEY: 25926
[22:54:05:114059 --4:00] [Thread 6648] PLAYER: ( 76561198076381992 ) R Alpha 1-2:1 (Poptart) REMOTE PURCHASED ITEM Exile_Item_Vishpirin FOR 300 POPTABS | PLAYER TOTAL MONEY: 25626
[22:54:05:682564 --4:00] [Thread 14912] PLAYER: ( 76561198076381992 ) R Alpha 1-2:1 (Poptart) REMOTE PURCHASED ITEM Exile_Item_Vishpirin FOR 300 POPTABS | PLAYER TOTAL MONEY: 25326
[22:54:07:598671 --4:00] [Thread 6648] PLAYER: ( 76561198076381992 ) R Alpha 1-2:1 (Poptart) REMOTE PURCHASED ITEM Exile_Item_Bandage FOR 100 POPTABS | PLAYER TOTAL MONEY: 25226
[22:54:08:839964 --4:00] [Thread 14912] PLAYER: ( 76561198076381992 ) R Alpha 1-2:1 (Poptart) REMOTE PURCHASED ITEM Exile_Item_Bandage FOR 100 POPTABS | PLAYER TOTAL MONEY: 25126
[22:55:10:957246 --4:00] [Thread 6648] PLAYER: ( 76561198076381992 ) R Alpha 1-2:1 (Poptart) REMOTE PURCHASED ITEM Exile_Item_DuctTape FOR 300 POPTABS | PLAYER TOTAL MONEY: 24826
[22:55:11:273080 --4:00] [Thread 14912] PLAYER: ( 76561198076381992 ) R Alpha 1-2:1 (Poptart) REMOTE PURCHASED ITEM Exile_Item_DuctTape FOR 300 POPTABS | PLAYER TOTAL MONEY: 24526
[22:55:11:945868 --4:00] [Thread 14912] PLAYER: ( 76561198076381992 ) R Alpha 1-2:1 (Poptart) REMOTE PURCHASED ITEM Exile_Item_DuctTape FOR 300 POPTABS | PLAYER TOTAL MONEY: 24226
[22:55:12:472269 --4:00] [Thread 14912] PLAYER: ( 76561198076381992 ) R Alpha 1-2:1 (Poptart) REMOTE PURCHASED ITEM Exile_Item_DuctTape FOR 300 POPTABS | PLAYER TOTAL MONEY: 23926
[23:19:07:244665 --4:00] [Thread 12368] PLAYER: ( 76561198076381992 ) R Poptart's Party:1 (Poptart) REMOTE SOLD ITEM: Exile_Car_Ural_Covered_Military (ID# <null>) with Cargo ["Exile_Item_CatFood_Cooked","Exile_Item_BeefParts","Exile_Item_ChocolateMilk","Exile_Item_ChocolateMilk","Exile_Item_CanOpener","Exile_Item_Bandage","Exile_Item_EnergyDrink","Exile_Item_BBQSandwich","Exile_Item_InstaDoc","Exile_Item_InstaDoc","Exile_Item_InstaDoc","Exile_Item_Vishpirin","Exile_Item_Bandage","Exile_Item_Bandage","20Rnd_762x51_Mag","20Rnd_762x51_Mag","20Rnd_762x51_Mag","20Rnd_762x51_Mag","20Rnd_762x51_Mag","16Rnd_9x21_Mag","20Rnd_762x51_Mag","20Rnd_762x51_Mag","20Rnd_762x51_Mag","20Rnd_762x51_Mag","20Rnd_762x51_Mag","20Rnd_762x51_Mag","20Rnd_762x51_Mag","20Rnd_762x51_Mag","30Rnd_65x39_caseless_mag","100Rnd_65x39_caseless_mag","100Rnd_65x39_caseless_mag","20Rnd_762x51_Mag","20Rnd_762x51_Mag","30Rnd_65x39_caseless_mag","30Rnd_65x39_caseless_mag","30Rnd_65x39_caseless_mag","30Rnd_65x39_caseless_mag","30Rnd_65x39_caseless_mag","30Rnd_65x39_caseless_mag","Exile_Item_Bandage","Exile_Item_Vishpirin","Exile_Item_InstaDoc","30Rnd_65x39_caseless_green","Exile_Item_EMRE","Exile_Item_EMRE","Exile_Item_InstaDoc","Exile_Item_PlasticBottleCoffee","Exile_Item_Surstromming_Cooked","Exile_Item_PlasticBottleFreshWater","Exile_Item_PlasticBottleFreshWater","20Rnd_762x51_Mag","20Rnd_762x51_Mag","20Rnd_762x51_Mag","Exile_Magazine_7Rnd_45ACP","Exile_Item_EnergyDrink","Exile_Item_InstaDoc","Exile_Item_Surstromming_Cooked","30Rnd_65x39_caseless_green","Exile_Item_EnergyDrink","Exile_Item_BBQSandwich","30Rnd_65x39_caseless_green","30Rnd_65x39_caseless_green","30Rnd_65x39_caseless_green","Exile_Item_InstaDoc","Exile_Item_EMRE","Exile_Item_EMRE","Exile_Item_EnergyDrink","Exile_Item_BBQSandwich","Exile_Item_CatFood_Cooked","Exile_Item_InstaDoc","9Rnd_45ACP_Mag","Exile_Item_CatFood_Cooked","30Rnd_65x39_caseless_mag","Exile_Magazine_7Rnd_45ACP","10Rnd_127x54_Mag","10Rnd_93x64_DMR_05_Mag","10Rnd_93x64_DMR_05_Mag","10Rnd_93x64_DMR_05_Mag","10Rnd_93x64_DMR_05_Mag","30Rnd_65x39_caseless_mag","10Rnd_93x64_DMR_05_Mag","arifle_Mk20_GL_F","30Rnd_556x45_Stanag","srifle_EBR_F","20Rnd_762x51_Mag","srifle_EBR_F","Rangefinder","arifle_MX_Black_F","optic_Hamr","30Rnd_65x39_caseless_mag","Rangefinder","srifle_DMR_02_F","acc_pointer_IR","optic_DMS","10Rnd_338_Mag","bipod_02_F_blk","arifle_Katiba_GL_F","acc_flashlight","30Rnd_65x39_caseless_green","Exile_Weapon_AK107_GL","optic_Arco","Exile_Magazine_30Rnd_545x39_AK","arifle_Katiba_GL_F","acc_pointer_IR","optic_Aco","30Rnd_65x39_caseless_green","srifle_DMR_02_F","acc_pointer_IR","optic_AMS_khk","10Rnd_338_Mag","bipod_01_F_snd","NVGoggles","NVGoggles","NVGoggles","NVGoggles","ItemGPS","ItemGPS","ItemGPS","ItemGPS","H_HelmetLeaderO_oucamo","H_HelmetSpecB_paint1"] FOR 9679 POPTABS AND 967.9 RESPECT | PLAYER TOTAL MONEY: 34445
[23:47:15:719371 --4:00] [Thread 12004] PLAYER: ( 76561198076381992 ) R Poptart's Party:1 (Poptart) REMOTE PURCHASED ITEM U_O_Wetsuit FOR 80 POPTABS | PLAYER TOTAL MONEY: 499920
[23:47:26:532163 --4:00] [Thread 12368] PLAYER: ( 76561198076381992 ) R Poptart's Party:1 (Poptart) REMOTE PURCHASED ITEM V_PlateCarrierGL_tna_F FOR 500 POPTABS | PLAYER TOTAL MONEY: 499420
[23:47:47:238237 --4:00] [Thread 12004] PLAYER: ( 76561198076381992 ) R Poptart's Party:1 (Poptart) REMOTE PURCHASED ITEM H_HelmetSpecO_blk FOR 100 POPTABS | PLAYER TOTAL MONEY: 499320
[23:48:13:372787 --4:00] [Thread 12368] PLAYER: ( 76561198076381992 ) R Poptart's Party:1 (Poptart) REMOTE PURCHASED ITEM srifle_DMR_05_hex_F FOR 850 POPTABS | PLAYER TOTAL MONEY: 498470
[23:48:24:684875 --4:00] [Thread 12004] PLAYER: ( 76561198076381992 ) R Poptart's Party:1 (Poptart) REMOTE PURCHASED ITEM muzzle_snds_93mmg_tan FOR 50 POPTABS | PLAYER TOTAL MONEY: 498420
[23:48:27:440208 --4:00] [Thread 12368] PLAYER: ( 76561198076381992 ) R Poptart's Party:1 (Poptart) REMOTE PURCHASED ITEM 10Rnd_93x64_DMR_05_Mag FOR 40 POPTABS | PLAYER TOTAL MONEY: 498380
[23:48:28:134063 --4:00] [Thread 12004] PLAYER: ( 76561198076381992 ) R Poptart's Party:1 (Poptart) REMOTE PURCHASED ITEM 10Rnd_93x64_DMR_05_Mag FOR 40 POPTABS | PLAYER TOTAL MONEY: 498340
[23:48:28:427834 --4:00] [Thread 12368] PLAYER: ( 76561198076381992 ) R Poptart's Party:1 (Poptart) REMOTE PURCHASED ITEM 10Rnd_93x64_DMR_05_Mag FOR 40 POPTABS | PLAYER TOTAL MONEY: 498300
[23:48:29:748357 --4:00] [Thread 12004] PLAYER: ( 76561198076381992 ) R Poptart's Party:1 (Poptart) REMOTE PURCHASED ITEM 10Rnd_93x64_DMR_05_Mag FOR 40 POPTABS | PLAYER TOTAL MONEY: 498260
[23:48:30:127363 --4:00] [Thread 12368] PLAYER: ( 76561198076381992 ) R Poptart's Party:1 (Poptart) REMOTE PURCHASED ITEM 10Rnd_93x64_DMR_05_Mag FOR 40 POPTABS | PLAYER TOTAL MONEY: 498220
[23:48:30:842261 --4:00] [Thread 12004] PLAYER: ( 76561198076381992 ) R Poptart's Party:1 (Poptart) REMOTE PURCHASED ITEM 10Rnd_93x64_DMR_05_Mag FOR 40 POPTABS | PLAYER TOTAL MONEY: 498180
[23:48:31:809831 --4:00] [Thread 12368] PLAYER: ( 76561198076381992 ) R Poptart's Party:1 (Poptart) REMOTE PURCHASED ITEM 10Rnd_93x64_DMR_05_Mag FOR 40 POPTABS | PLAYER TOTAL MONEY: 498140
[23:48:32:208893 --4:00] [Thread 12004] PLAYER: ( 76561198076381992 ) R Poptart's Party:1 (Poptart) REMOTE PURCHASED ITEM 10Rnd_93x64_DMR_05_Mag FOR 40 POPTABS | PLAYER TOTAL MONEY: 498100
[23:48:32:756354 --4:00] [Thread 12368] PLAYER: ( 76561198076381992 ) R Poptart's Party:1 (Poptart) REMOTE PURCHASED ITEM 10Rnd_93x64_DMR_05_Mag FOR 40 POPTABS | PLAYER TOTAL MONEY: 498060
[23:48:33:112296 --4:00] [Thread 12004] PLAYER: ( 76561198076381992 ) R Poptart's Party:1 (Poptart) REMOTE PURCHASED ITEM 10Rnd_93x64_DMR_05_Mag FOR 40 POPTABS | PLAYER TOTAL MONEY: 498020
[23:48:33:638699 --4:00] [Thread 12368] PLAYER: ( 76561198076381992 ) R Poptart's Party:1 (Poptart) REMOTE PURCHASED ITEM 10Rnd_93x64_DMR_05_Mag FOR 40 POPTABS | PLAYER TOTAL MONEY: 497980
[23:48:33:995649 --4:00] [Thread 12004] PLAYER: ( 76561198076381992 ) R Poptart's Party:1 (Poptart) REMOTE PURCHASED ITEM 10Rnd_93x64_DMR_05_Mag FOR 40 POPTABS | PLAYER TOTAL MONEY: 497940
[23:48:36:416084 --4:00] [Thread 12368] PLAYER: ( 76561198076381992 ) R Poptart's Party:1 (Poptart) REMOTE PURCHASED ITEM optic_DMS FOR 150 POPTABS | PLAYER TOTAL MONEY: 497790
[23:48:42:038052 --4:00] [Thread 12004] PLAYER: ( 76561198076381992 ) R Poptart's Party:1 (Poptart) REMOTE PURCHASED ITEM bipod_01_F_khk FOR 10 POPTABS | PLAYER TOTAL MONEY: 497780
[23:49:06:543520 --4:00] [Thread 14912] PLAYER: ( 76561198076381992 ) R Poptart's Party:1 (Poptart) REMOTE PURCHASED VEHICLE Exile_Car_HMMWV_M2_Green FOR 40000 POPTABS | PLAYER TOTAL MONEY: 457780
[00:00:52:562346 --4:00] [Thread 12368] PLAYER: ( 76561198072397859 ) R Poptart's Party:3 (Aurora) REMOTE SOLD ITEM: Exile_Chopper_Hummingbird_Civillian_Elliptical (ID# 19) with Cargo ["30Rnd_556x45_Stanag","Exile_Weapon_TaurusGold","Exile_Magazine_6Rnd_45ACP","Exile_Weapon_AK47","Exile_Weapon_AK47","arifle_Mk20_GL_F","Exile_Weapon_AK74_GL","arifle_SPAR_01_blk_F","optic_MRCO","H_Cap_grn"] FOR 9648 POPTABS AND 964.8 RESPECT | PLAYER TOTAL MONEY: 10073
[00:01:36:752340 --4:00] [Thread 14912] PLAYER: ( 76561198076381992 ) R Poptart's Party:2 (Poptart) REMOTE PURCHASED ITEM U_O_Wetsuit FOR 80 POPTABS | PLAYER TOTAL MONEY: 99920
[00:02:01:512228 --4:00] [Thread 9820] PLAYER: ( 76561198076381992 ) R Poptart's Party:2 (Poptart) REMOTE PURCHASED ITEM H_HelmetLeaderO_oucamo FOR 200 POPTABS | PLAYER TOTAL MONEY: 99720
[00:02:11:040589 --4:00] [Thread 14912] PLAYER: ( 76561198076381992 ) R Poptart's Party:2 (Poptart) REMOTE PURCHASED ITEM V_PlateCarrierGL_tna_F FOR 500 POPTABS | PLAYER TOTAL MONEY: 99220
[00:02:49:862880 --4:00] [Thread 9820] PLAYER: ( 76561198076381992 ) R Poptart's Party:2 (Poptart) REMOTE PURCHASED ITEM srifle_LRR_camo_F FOR 850 POPTABS | PLAYER TOTAL MONEY: 98370
[00:03:02:940656 --4:00] [Thread 14912] PLAYER: ( 76561198076381992 ) R Poptart's Party:2 (Poptart) REMOTE PURCHASED ITEM optic_AMS_khk FOR 300 POPTABS | PLAYER TOTAL MONEY: 98070
[00:03:06:677614 --4:00] [Thread 9820] PLAYER: ( 76561198076381992 ) R Poptart's Party:2 (Poptart) REMOTE PURCHASED ITEM optic_LRPS FOR 300 POPTABS | PLAYER TOTAL MONEY: 97770
[00:03:19:527826 --4:00] [Thread 14912] PLAYER: ( 76561198076381992 ) R Poptart's Party:2 (Poptart) REMOTE PURCHASED ITEM Exile_Magazine_7Rnd_408_Bullet_Cam_Mag FOR 150 POPTABS | PLAYER TOTAL MONEY: 97620
[00:03:20:788167 --4:00] [Thread 9820] PLAYER: ( 76561198076381992 ) R Poptart's Party:2 (Poptart) REMOTE PURCHASED ITEM Exile_Magazine_7Rnd_408_Bullet_Cam_Mag FOR 150 POPTABS | PLAYER TOTAL MONEY: 97470
[00:03:21:815903 --4:00] [Thread 14912] PLAYER: ( 76561198076381992 ) R Poptart's Party:2 (Poptart) REMOTE PURCHASED ITEM Exile_Magazine_7Rnd_408_Bullet_Cam_Mag FOR 150 POPTABS | PLAYER TOTAL MONEY: 97320
[00:03:22:739367 --4:00] [Thread 9820] PLAYER: ( 76561198076381992 ) R Poptart's Party:2 (Poptart) REMOTE PURCHASED ITEM Exile_Magazine_7Rnd_408_Bullet_Cam_Mag FOR 150 POPTABS | PLAYER TOTAL MONEY: 97170
[00:03:23:579595 --4:00] [Thread 14912] PLAYER: ( 76561198076381992 ) R Poptart's Party:2 (Poptart) REMOTE PURCHASED ITEM Exile_Magazine_7Rnd_408_Bullet_Cam_Mag FOR 150 POPTABS | PLAYER TOTAL MONEY: 97020
[00:03:27:651430 --4:00] [Thread 9820] PLAYER: ( 76561198076381992 ) R Poptart's Party:2 (Poptart) REMOTE PURCHASED ITEM Exile_Magazine_7Rnd_408_Bullet_Cam_Mag FOR 150 POPTABS | PLAYER TOTAL MONEY: 96870
[00:03:29:352970 --4:00] [Thread 14912] PLAYER: ( 76561198076381992 ) R Poptart's Party:2 (Poptart) REMOTE PURCHASED ITEM Exile_Magazine_7Rnd_408_Bullet_Cam_Mag FOR 150 POPTABS | PLAYER TOTAL MONEY: 96720
[00:03:30:042793 --4:00] [Thread 9820] PLAYER: ( 76561198076381992 ) R Poptart's Party:2 (Poptart) REMOTE PURCHASED ITEM Exile_Magazine_7Rnd_408_Bullet_Cam_Mag FOR 150 POPTABS | PLAYER TOTAL MONEY: 96570
[00:03:30:567186 --4:00] [Thread 14912] PLAYER: ( 76561198076381992 ) R Poptart's Party:2 (Poptart) REMOTE PURCHASED ITEM Exile_Magazine_7Rnd_408_Bullet_Cam_Mag FOR 150 POPTABS | PLAYER TOTAL MONEY: 96420
[00:03:31:175806 --4:00] [Thread 9820] PLAYER: ( 76561198076381992 ) R Poptart's Party:2 (Poptart) REMOTE PURCHASED ITEM Exile_Magazine_7Rnd_408_Bullet_Cam_Mag FOR 150 POPTABS | PLAYER TOTAL MONEY: 96270
[00:03:31:680146 --4:00] [Thread 14912] PLAYER: ( 76561198076381992 ) R Poptart's Party:2 (Poptart) REMOTE PURCHASED ITEM Exile_Magazine_7Rnd_408_Bullet_Cam_Mag FOR 150 POPTABS | PLAYER TOTAL MONEY: 96120
[00:03:32:290780 --4:00] [Thread 9820] PLAYER: ( 76561198076381992 ) R Poptart's Party:2 (Poptart) REMOTE PURCHASED ITEM Exile_Magazine_7Rnd_408_Bullet_Cam_Mag FOR 150 POPTABS | PLAYER TOTAL MONEY: 95970
[00:03:32:752007 --4:00] [Thread 14912] PLAYER: ( 76561198076381992 ) R Poptart's Party:2 (Poptart) REMOTE PURCHASED ITEM Exile_Magazine_7Rnd_408_Bullet_Cam_Mag FOR 150 POPTABS | PLAYER TOTAL MONEY: 95820
[00:03:33:383679 --4:00] [Thread 9820] PLAYER: ( 76561198076381992 ) R Poptart's Party:2 (Poptart) REMOTE PURCHASED ITEM Exile_Magazine_7Rnd_408_Bullet_Cam_Mag FOR 150 POPTABS | PLAYER TOTAL MONEY: 95670
[00:03:33:800793 --4:00] [Thread 14912] PLAYER: ( 76561198076381992 ) R Poptart's Party:2 (Poptart) REMOTE PURCHASED ITEM Exile_Magazine_7Rnd_408_Bullet_Cam_Mag FOR 150 POPTABS | PLAYER TOTAL MONEY: 95520
[00:04:04:076336 --4:00] [Thread 9820] PLAYER: ( 76561198076381992 ) R Poptart's Party:2 (Poptart) REMOTE PURCHASED ITEM Rangefinder FOR 200 POPTABS | PLAYER TOTAL MONEY: 95320
[00:04:38:503939 --4:00] [Thread 14912] PLAYER: ( 76561198076381992 ) R Poptart's Party:2 (Poptart) REMOTE PURCHASED ITEM Exile_Item_DuctTape FOR 300 POPTABS | PLAYER TOTAL MONEY: 95020
[00:04:47:781623 --4:00] [Thread 9820] PLAYER: ( 76561198076381992 ) R Poptart's Party:2 (Poptart) REMOTE PURCHASED ITEM Exile_Item_CanOpener FOR 80 POPTABS | PLAYER TOTAL MONEY: 94940
[00:49:43:615511 --4:00] [Thread 9820] PLAYER: ( 76561198039386396 ) R 00.25:4 (grimm9) REMOTE PURCHASED ITEM Exile_Weapon_M16A2 FOR 300 POPTABS | PLAYER TOTAL MONEY: 9700
[00:49:50:816648 --4:00] [Thread 6648] PLAYER: ( 76561198039386396 ) R 00.25:4 (grimm9) REMOTE PURCHASED ITEM muzzle_snds_M FOR 10 POPTABS | PLAYER TOTAL MONEY: 9690
[00:49:53:287229 --4:00] [Thread 9820] PLAYER: ( 76561198039386396 ) R 00.25:4 (grimm9) REMOTE PURCHASED ITEM 30Rnd_556x45_Stanag FOR 20 POPTABS | PLAYER TOTAL MONEY: 9670
[00:50:03:992705 --4:00] [Thread 6648] PLAYER: ( 76561198039386396 ) R 00.25:4 (grimm9) REMOTE PURCHASED ITEM optic_MRCO FOR 100 POPTABS | PLAYER TOTAL MONEY: 9570
[01:11:09:201557 --4:00] [Thread 16320] PLAYER: ( 76561198072397859 ) R Alpha 1-3:1 (Aurora) REMOTE PURCHASED ITEM 200Rnd_65x39_cased_Box FOR 30 POPTABS | PLAYER TOTAL MONEY: 3285
[01:11:10:246323 --4:00] [Thread 12188] PLAYER: ( 76561198072397859 ) R Alpha 1-3:1 (Aurora) REMOTE PURCHASED ITEM 200Rnd_65x39_cased_Box FOR 30 POPTABS | PLAYER TOTAL MONEY: 3255
[01:11:11:298126 --4:00] [Thread 16320] PLAYER: ( 76561198072397859 ) R Alpha 1-3:1 (Aurora) REMOTE PURCHASED ITEM 200Rnd_65x39_cased_Box FOR 30 POPTABS | PLAYER TOTAL MONEY: 3225
[01:11:12:346921 --4:00] [Thread 12188] PLAYER: ( 76561198072397859 ) R Alpha 1-3:1 (Aurora) REMOTE PURCHASED ITEM 200Rnd_65x39_cased_Box FOR 30 POPTABS | PLAYER TOTAL MONEY: 3195
[01:11:58:090628 --4:00] [Thread 13024] PLAYER: ( 76561198039386396 ) R Alpha 1-4:1 (grimm9) REMOTE PURCHASED ITEM U_B_CombatUniform_mcam FOR 40 POPTABS | PLAYER TOTAL MONEY: 9530
[01:12:32:981467 --4:00] [Thread 13024] PLAYER: ( 76561198039386396 ) R Alpha 1-4:1 (grimm9) REMOTE PURCHASED ITEM V_PlateCarrierH_CTRG FOR 100 POPTABS | PLAYER TOTAL MONEY: 9430
[01:13:07:319830 --4:00] [Thread 16008] PLAYER: ( 76561198039386396 ) R Alpha 1-4:1 (grimm9) REMOTE PURCHASED ITEM H_HelmetB_light_snakeskin FOR 20 POPTABS | PLAYER TOTAL MONEY: 9410
[01:13:26:090837 --4:00] [Thread 16320] PLAYER: ( 76561198039386396 ) R Alpha 1-4:1 (grimm9) REMOTE SOLD ITEM optic_MRCO FOR 50 POPTABS AND 5 RESPECT | PLAYER TOTAL MONEY: 9460
[01:13:28:616552 --4:00] [Thread 16008] PLAYER: ( 76561198039386396 ) R Alpha 1-4:1 (grimm9) REMOTE SOLD ITEM muzzle_snds_M FOR 5 POPTABS AND 0.5 RESPECT | PLAYER TOTAL MONEY: 9465
[01:13:30:343152 --4:00] [Thread 13024] PLAYER: ( 76561198039386396 ) R Alpha 1-4:1 (grimm9) REMOTE SOLD ITEM 30Rnd_556x45_Stanag FOR 10 POPTABS AND 1 RESPECT | PLAYER TOTAL MONEY: 9475
[01:13:32:048717 --4:00] [Thread 16008] PLAYER: ( 76561198039386396 ) R Alpha 1-4:1 (grimm9) REMOTE SOLD ITEM Exile_Weapon_M16A2 FOR 150 POPTABS AND 15 RESPECT | PLAYER TOTAL MONEY: 9625
[01:13:56:260053 --4:00] [Thread 13024] PLAYER: ( 76561198039386396 ) R Alpha 1-4:1 (grimm9) REMOTE PURCHASED ITEM Exile_Weapon_m107 FOR 850 POPTABS | PLAYER TOTAL MONEY: 8775
[01:14:05:290098 --4:00] [Thread 16008] PLAYER: ( 76561198039386396 ) R Alpha 1-4:1 (grimm9) REMOTE PURCHASED ITEM Exile_Magazine_10Rnd_127x99_m107 FOR 30 POPTABS | PLAYER TOTAL MONEY: 8745
[01:14:06:385998 --4:00] [Thread 13024] PLAYER: ( 76561198039386396 ) R Alpha 1-4:1 (grimm9) REMOTE PURCHASED ITEM Exile_Magazine_10Rnd_127x99_m107 FOR 30 POPTABS | PLAYER TOTAL MONEY: 8715
[01:14:07:290403 --4:00] [Thread 16008] PLAYER: ( 76561198039386396 ) R Alpha 1-4:1 (grimm9) REMOTE PURCHASED ITEM Exile_Magazine_10Rnd_127x99_m107 FOR 30 POPTABS | PLAYER TOTAL MONEY: 8685
[01:14:08:195817 --4:00] [Thread 13024] PLAYER: ( 76561198039386396 ) R Alpha 1-4:1 (grimm9) REMOTE PURCHASED ITEM Exile_Magazine_10Rnd_127x99_m107 FOR 30 POPTABS | PLAYER TOTAL MONEY: 8655
[01:14:09:239124 --4:00] [Thread 16008] PLAYER: ( 76561198039386396 ) R Alpha 1-4:1 (grimm9) REMOTE PURCHASED ITEM Exile_Magazine_10Rnd_127x99_m107 FOR 30 POPTABS | PLAYER TOTAL MONEY: 8625
[01:14:09:957498 --4:00] [Thread 13024] PLAYER: ( 76561198039386396 ) R Alpha 1-4:1 (grimm9) REMOTE PURCHASED ITEM Exile_Magazine_10Rnd_127x99_m107 FOR 30 POPTABS | PLAYER TOTAL MONEY: 8595
[01:14:10:799744 --4:00] [Thread 16008] PLAYER: ( 76561198039386396 ) R Alpha 1-4:1 (grimm9) REMOTE PURCHASED ITEM Exile_Magazine_10Rnd_127x99_m107 FOR 30 POPTABS | PLAYER TOTAL MONEY: 8565
[01:14:11:516653 --4:00] [Thread 13024] PLAYER: ( 76561198039386396 ) R Alpha 1-4:1 (grimm9) REMOTE PURCHASED ITEM Exile_Magazine_10Rnd_127x99_m107 FOR 30 POPTABS | PLAYER TOTAL MONEY: 8535
[01:14:12:463167 --4:00] [Thread 16008] PLAYER: ( 76561198039386396 ) R Alpha 1-4:1 (grimm9) REMOTE PURCHASED ITEM Exile_Magazine_10Rnd_127x99_m107 FOR 30 POPTABS | PLAYER TOTAL MONEY: 8505
[01:14:16:524963 --4:00] [Thread 13024] PLAYER: ( 76561198039386396 ) R Alpha 1-4:1 (grimm9) REMOTE PURCHASED ITEM optic_LRPS FOR 300 POPTABS | PLAYER TOTAL MONEY: 8205
[01:14:20:398289 --4:00] [Thread 16008] PLAYER: ( 76561198039386396 ) R Alpha 1-4:1 (grimm9) REMOTE PURCHASED ITEM Exile_Magazine_10Rnd_127x99_m107_Bullet_Cam_Mag FOR 240 POPTABS | PLAYER TOTAL MONEY: 7965
[01:14:21:345804 --4:00] [Thread 13024] PLAYER: ( 76561198039386396 ) R Alpha 1-4:1 (grimm9) REMOTE PURCHASED ITEM Exile_Magazine_10Rnd_127x99_m107_Bullet_Cam_Mag FOR 240 POPTABS | PLAYER TOTAL MONEY: 7725
[01:14:22:209105 --4:00] [Thread 16008] PLAYER: ( 76561198039386396 ) R Alpha 1-4:1 (grimm9) REMOTE PURCHASED ITEM Exile_Magazine_10Rnd_127x99_m107_Bullet_Cam_Mag FOR 240 POPTABS | PLAYER TOTAL MONEY: 7485
[01:14:23:996858 --4:00] [Thread 13024] PLAYER: ( 76561198039386396 ) R Alpha 1-4:1 (grimm9) REMOTE PURCHASED ITEM Exile_Magazine_10Rnd_127x99_m107_Bullet_Cam_Mag FOR 240 POPTABS | PLAYER TOTAL MONEY: 7245
[01:14:25:404603 --4:00] [Thread 16008] PLAYER: ( 76561198039386396 ) R Alpha 1-4:1 (grimm9) REMOTE PURCHASED ITEM Exile_Magazine_10Rnd_127x99_m107_Bullet_Cam_Mag FOR 240 POPTABS | PLAYER TOTAL MONEY: 7005
[01:14:26:266897 --4:00] [Thread 13024] PLAYER: ( 76561198039386396 ) R Alpha 1-4:1 (grimm9) REMOTE PURCHASED ITEM Exile_Magazine_10Rnd_127x99_m107_Bullet_Cam_Mag FOR 240 POPTABS | PLAYER TOTAL MONEY: 6765
[01:14:55:170788 --4:00] [Thread 16008] PLAYER: ( 76561198039386396 ) R Alpha 1-4:1 (grimm9) REMOTE PURCHASED ITEM Exile_Item_EMRE FOR 54 POPTABS | PLAYER TOTAL MONEY: 6711
[01:14:56:097255 --4:00] [Thread 13024] PLAYER: ( 76561198039386396 ) R Alpha 1-4:1 (grimm9) REMOTE PURCHASED ITEM Exile_Item_EMRE FOR 54 POPTABS | PLAYER TOTAL MONEY: 6657
[01:14:57:507008 --4:00] [Thread 16008] PLAYER: ( 76561198039386396 ) R Alpha 1-4:1 (grimm9) REMOTE PURCHASED ITEM Exile_Item_PlasticBottleCoffee FOR 70 POPTABS | PLAYER TOTAL MONEY: 6587
[01:14:58:601921 --4:00] [Thread 13024] PLAYER: ( 76561198039386396 ) R Alpha 1-4:1 (grimm9) REMOTE PURCHASED ITEM Exile_Item_PlasticBottleCoffee FOR 70 POPTABS | PLAYER TOTAL MONEY: 6517
[01:15:10:071429 --4:00] [Thread 16008] PLAYER: ( 76561198039386396 ) R Alpha 1-4:1 (grimm9) REMOTE PURCHASED ITEM G_Bandanna_khk FOR 6 POPTABS | PLAYER TOTAL MONEY: 6511
[01:15:11:608525 --4:00] [Thread 13024] PLAYER: ( 76561198072397859 ) R Fartbox:3 (Aurora) REMOTE PURCHASED ITEM muzzle_snds_acp FOR 10 POPTABS | PLAYER TOTAL MONEY: 3185
[01:15:19:293985 --4:00] [Thread 16008] PLAYER: ( 76561198072397859 ) R Fartbox:3 (Aurora) REMOTE PURCHASED ITEM Exile_Weapon_m107 FOR 850 POPTABS | PLAYER TOTAL MONEY: 2335
[01:15:27:968058 --4:00] [Thread 13024] PLAYER: ( 76561198072397859 ) R Fartbox:3 (Aurora) REMOTE PURCHASED ITEM Exile_Magazine_10Rnd_127x99_m107 FOR 30 POPTABS | PLAYER TOTAL MONEY: 2305
[01:15:28:726082 --4:00] [Thread 16008] PLAYER: ( 76561198072397859 ) R Fartbox:3 (Aurora) REMOTE PURCHASED ITEM Exile_Magazine_10Rnd_127x99_m107 FOR 30 POPTABS | PLAYER TOTAL MONEY: 2275
[01:15:29:420936 --4:00] [Thread 13024] PLAYER: ( 76561198072397859 ) R Fartbox:3 (Aurora) REMOTE PURCHASED ITEM Exile_Magazine_10Rnd_127x99_m107 FOR 30 POPTABS | PLAYER TOTAL MONEY: 2245
[01:15:30:135835 --4:00] [Thread 16008] PLAYER: ( 76561198072397859 ) R Fartbox:3 (Aurora) REMOTE PURCHASED ITEM Exile_Magazine_10Rnd_127x99_m107 FOR 30 POPTABS | PLAYER TOTAL MONEY: 2215
[01:15:30:809625 --4:00] [Thread 13024] PLAYER: ( 76561198072397859 ) R Fartbox:3 (Aurora) REMOTE PURCHASED ITEM Exile_Magazine_10Rnd_127x99_m107 FOR 30 POPTABS | PLAYER TOTAL MONEY: 2185
[01:15:31:483423 --4:00] [Thread 16008] PLAYER: ( 76561198072397859 ) R Fartbox:3 (Aurora) REMOTE PURCHASED ITEM Exile_Magazine_10Rnd_127x99_m107 FOR 30 POPTABS | PLAYER TOTAL MONEY: 2155
[01:15:32:115098 --4:00] [Thread 13024] PLAYER: ( 76561198072397859 ) R Fartbox:3 (Aurora) REMOTE PURCHASED ITEM Exile_Magazine_10Rnd_127x99_m107 FOR 30 POPTABS | PLAYER TOTAL MONEY: 2125
[01:15:32:766834 --4:00] [Thread 16008] PLAYER: ( 76561198072397859 ) R Fartbox:3 (Aurora) REMOTE PURCHASED ITEM Exile_Magazine_10Rnd_127x99_m107 FOR 30 POPTABS | PLAYER TOTAL MONEY: 2095
[01:15:33:461682 --4:00] [Thread 13024] PLAYER: ( 76561198072397859 ) R Fartbox:3 (Aurora) REMOTE PURCHASED ITEM Exile_Magazine_10Rnd_127x99_m107 FOR 30 POPTABS | PLAYER TOTAL MONEY: 2065
[01:15:34:135514 --4:00] [Thread 16008] PLAYER: ( 76561198072397859 ) R Fartbox:3 (Aurora) REMOTE PURCHASED ITEM Exile_Magazine_10Rnd_127x99_m107 FOR 30 POPTABS | PLAYER TOTAL MONEY: 2035
[01:15:34:788210 --4:00] [Thread 13024] PLAYER: ( 76561198072397859 ) R Fartbox:3 (Aurora) REMOTE PURCHASED ITEM Exile_Magazine_10Rnd_127x99_m107 FOR 30 POPTABS | PLAYER TOTAL MONEY: 2005
[01:15:35:439963 --4:00] [Thread 16008] PLAYER: ( 76561198072397859 ) R Fartbox:3 (Aurora) REMOTE PURCHASED ITEM Exile_Magazine_10Rnd_127x99_m107 FOR 30 POPTABS | PLAYER TOTAL MONEY: 1975
[01:15:36:071625 --4:00] [Thread 13024] PLAYER: ( 76561198072397859 ) R Fartbox:3 (Aurora) REMOTE PURCHASED ITEM Exile_Magazine_10Rnd_127x99_m107 FOR 30 POPTABS | PLAYER TOTAL MONEY: 1945
[01:15:36:450635 --4:00] [Thread 16008] PLAYER: ( 76561198072397859 ) R Fartbox:3 (Aurora) REMOTE PURCHASED ITEM Exile_Magazine_10Rnd_127x99_m107 FOR 30 POPTABS | PLAYER TOTAL MONEY: 1915
[01:15:41:271451 --4:00] [Thread 13024] PLAYER: ( 76561198072397859 ) R Fartbox:3 (Aurora) REMOTE PURCHASED ITEM optic_LRPS FOR 300 POPTABS | PLAYER TOTAL MONEY: 1615
[01:47:50:212004 --4:00] [Thread 13024] PLAYER: ( 76561198039386396 ) R Fartbox:4 (grimm9) REMOTE PURCHASED VEHICLE Exile_Boat_RubberDuck_CSAT FOR 500 POPTABS | PLAYER TOTAL MONEY: 40
[13:22:04:301190 --4:00] [Thread 16008] PLAYER: ( 76561198076381992 ) R Alpha 1-4:1 (Poptart) REMOTE SOLD ITEM: Exile_Car_SUV_Red (ID# <null>) with Cargo [] FOR 7000 POPTABS AND 700 RESPECT | PLAYER TOTAL MONEY: 7000
[13:23:53:909262 --4:00] [Thread 16008] PLAYER: ( 76561198039386396 ) R Alpha 1-3:1 (grimm9) REMOTE PURCHASED VEHICLE Exile_Car_Van_Box_Black FOR 17000 POPTABS | PLAYER TOTAL MONEY: 3190
[13:25:21:811601 --4:00] [Thread 16320] PLAYER: ( 76561198039386396 ) R Alpha 1-3:1 (grimm9) REMOTE PURCHASED ITEM Exile_Weapon_ksvk FOR 850 POPTABS | PLAYER TOTAL MONEY: 2340
[13:25:40:678783 --4:00] [Thread 12188] PLAYER: ( 76561198039386396 ) R Alpha 1-3:1 (grimm9) REMOTE PURCHASED ITEM Exile_Magazine_5Rnd_127x108_APDS_KSVK FOR 40 POPTABS | PLAYER TOTAL MONEY: 2300
[13:25:41:668415 --4:00] [Thread 12188] PLAYER: ( 76561198039386396 ) R Alpha 1-3:1 (grimm9) REMOTE PURCHASED ITEM Exile_Magazine_5Rnd_127x108_APDS_KSVK FOR 40 POPTABS | PLAYER TOTAL MONEY: 2260
[13:25:42:593919 --4:00] [Thread 16320] PLAYER: ( 76561198039386396 ) R Alpha 1-3:1 (grimm9) REMOTE PURCHASED ITEM Exile_Magazine_5Rnd_127x108_APDS_KSVK FOR 40 POPTABS | PLAYER TOTAL MONEY: 2220
[13:25:43:561477 --4:00] [Thread 12188] PLAYER: ( 76561198039386396 ) R Alpha 1-3:1 (grimm9) REMOTE PURCHASED ITEM Exile_Magazine_5Rnd_127x108_APDS_KSVK FOR 40 POPTABS | PLAYER TOTAL MONEY: 2180
[13:25:44:403691 --4:00] [Thread 16320] PLAYER: ( 76561198039386396 ) R Alpha 1-3:1 (grimm9) REMOTE PURCHASED ITEM Exile_Magazine_5Rnd_127x108_APDS_KSVK FOR 40 POPTABS | PLAYER TOTAL MONEY: 2140
[13:25:45:200818 --4:00] [Thread 12188] PLAYER: ( 76561198039386396 ) R Alpha 1-3:1 (grimm9) REMOTE PURCHASED ITEM Exile_Magazine_5Rnd_127x108_APDS_KSVK FOR 40 POPTABS | PLAYER TOTAL MONEY: 2100
[13:25:46:018990 --4:00] [Thread 16320] PLAYER: ( 76561198039386396 ) R Alpha 1-3:1 (grimm9) REMOTE PURCHASED ITEM Exile_Magazine_5Rnd_127x108_APDS_KSVK FOR 40 POPTABS | PLAYER TOTAL MONEY: 2060
[13:25:47:384625 --4:00] [Thread 12188] PLAYER: ( 76561198039386396 ) R Alpha 1-3:1 (grimm9) REMOTE PURCHASED ITEM Exile_Magazine_5Rnd_127x108_APDS_KSVK FOR 40 POPTABS | PLAYER TOTAL MONEY: 2020
[13:25:48:331142 --4:00] [Thread 16320] PLAYER: ( 76561198039386396 ) R Alpha 1-3:1 (grimm9) REMOTE PURCHASED ITEM Exile_Magazine_5Rnd_127x108_APDS_KSVK FOR 40 POPTABS | PLAYER TOTAL MONEY: 1980
[13:26:14:809585 --4:00] [Thread 16320] PLAYER: ( 76561198039386396 ) R Alpha 1-3:1 (grimm9) REMOTE PURCHASED ITEM optic_LRPS FOR 300 POPTABS | PLAYER TOTAL MONEY: 1680
[13:26:32:673114 --4:00] [Thread 12188] PLAYER: ( 76561198076381992 ) R Poptart's Party:1 (Poptart) REMOTE PURCHASED ITEM U_O_Wetsuit FOR 80 POPTABS | PLAYER TOTAL MONEY: 116920
[13:26:38:816531 --4:00] [Thread 16008] PLAYER: ( 76561198039386396 ) R Alpha 1-3:1 (grimm9) REMOTE SOLD ITEM Exile_Magazine_10Rnd_127x99_m107 FOR 15 POPTABS AND 1.5 RESPECT | PLAYER TOTAL MONEY: 1695
[13:26:48:633603 --4:00] [Thread 12188] PLAYER: ( 76561198076381992 ) R Poptart's Party:1 (Poptart) REMOTE PURCHASED ITEM H_HelmetLeaderO_ghex_F FOR 175 POPTABS | PLAYER TOTAL MONEY: 116745
[13:26:55:842774 --4:00] [Thread 16008] PLAYER: ( 76561198076381992 ) R Poptart's Party:1 (Poptart) REMOTE PURCHASED ITEM B_Bergen_tna_F FOR 400 POPTABS | PLAYER TOTAL MONEY: 116345
[13:27:00:531250 --4:00] [Thread 12188] PLAYER: ( 76561198076381992 ) R Poptart's Party:1 (Poptart) REMOTE PURCHASED ITEM V_PlateCarrierGL_tna_F FOR 500 POPTABS | PLAYER TOTAL MONEY: 115845
[13:27:04:086705 --4:00] [Thread 16008] PLAYER: ( 76561198039386396 ) R Alpha 1-3:1 (grimm9) REMOTE PURCHASED ITEM Exile_Magazine_5Rnd_127x108_APDS_KSVK FOR 40 POPTABS | PLAYER TOTAL MONEY: 1655
[13:27:05:075372 --4:00] [Thread 12188] PLAYER: ( 76561198039386396 ) R Alpha 1-3:1 (grimm9) REMOTE PURCHASED ITEM Exile_Magazine_5Rnd_127x108_APDS_KSVK FOR 40 POPTABS | PLAYER TOTAL MONEY: 1615
[13:27:07:745433 --4:00] [Thread 16008] PLAYER: ( 76561198076381992 ) R Poptart's Party:1 (Poptart) REMOTE PURCHASED ITEM G_Balaclava_TI_G_tna_F FOR 15 POPTABS | PLAYER TOTAL MONEY: 115830
[13:27:30:462874 --4:00] [Thread 12188] PLAYER: ( 76561198076381992 ) R Poptart's Party:1 (Poptart) REMOTE PURCHASED ITEM srifle_DMR_05_tan_f FOR 850 POPTABS | PLAYER TOTAL MONEY: 114980
[13:27:39:655348 --4:00] [Thread 16008] PLAYER: ( 76561198076381992 ) R Poptart's Party:1 (Poptart) REMOTE PURCHASED ITEM bipod_01_F_khk FOR 10 POPTABS | PLAYER TOTAL MONEY: 114970
[13:27:42:980178 --4:00] [Thread 12188] PLAYER: ( 76561198076381992 ) R Poptart's Party:1 (Poptart) REMOTE PURCHASED ITEM muzzle_snds_93mmg FOR 50 POPTABS | PLAYER TOTAL MONEY: 114920
[13:27:50:869178 --4:00] [Thread 16008] PLAYER: ( 76561198076381992 ) R Poptart's Party:1 (Poptart) REMOTE PURCHASED ITEM optic_LRPS_tna_F FOR 300 POPTABS | PLAYER TOTAL MONEY: 114620
[13:27:54:612138 --4:00] [Thread 12188] PLAYER: ( 76561198076381992 ) R Poptart's Party:1 (Poptart) REMOTE PURCHASED ITEM optic_DMS_ghex_F FOR 150 POPTABS | PLAYER TOTAL MONEY: 114470
[13:28:00:614106 --4:00] [Thread 16008] PLAYER: ( 76561198076381992 ) R Poptart's Party:1 (Poptart) REMOTE PURCHASED ITEM bipod_01_F_khk FOR 10 POPTABS | PLAYER TOTAL MONEY: 114460
[13:28:05:914206 --4:00] [Thread 12188] PLAYER: ( 76561198076381992 ) R Poptart's Party:1 (Poptart) REMOTE PURCHASED ITEM 10Rnd_93x64_DMR_05_Mag FOR 40 POPTABS | PLAYER TOTAL MONEY: 114420
[13:28:06:798555 --4:00] [Thread 16008] PLAYER: ( 76561198076381992 ) R Poptart's Party:1 (Poptart) REMOTE PURCHASED ITEM 10Rnd_93x64_DMR_05_Mag FOR 40 POPTABS | PLAYER TOTAL MONEY: 114380
[13:28:07:640796 --4:00] [Thread 12188] PLAYER: ( 76561198076381992 ) R Poptart's Party:1 (Poptart) REMOTE PURCHASED ITEM 10Rnd_93x64_DMR_05_Mag FOR 40 POPTABS | PLAYER TOTAL MONEY: 114340
[13:28:08:460979 --4:00] [Thread 16008] PLAYER: ( 76561198076381992 ) R Poptart's Party:1 (Poptart) REMOTE PURCHASED ITEM 10Rnd_93x64_DMR_05_Mag FOR 40 POPTABS | PLAYER TOTAL MONEY: 114300
[13:28:09:321295 --4:00] [Thread 12188] PLAYER: ( 76561198076381992 ) R Poptart's Party:1 (Poptart) REMOTE PURCHASED ITEM 10Rnd_93x64_DMR_05_Mag FOR 40 POPTABS | PLAYER TOTAL MONEY: 114260
[13:28:10:161502 --4:00] [Thread 16008] PLAYER: ( 76561198076381992 ) R Poptart's Party:1 (Poptart) REMOTE PURCHASED ITEM 10Rnd_93x64_DMR_05_Mag FOR 40 POPTABS | PLAYER TOTAL MONEY: 114220
[13:28:11:025803 --4:00] [Thread 12188] PLAYER: ( 76561198076381992 ) R Poptart's Party:1 (Poptart) REMOTE PURCHASED ITEM 10Rnd_93x64_DMR_05_Mag FOR 40 POPTABS | PLAYER TOTAL MONEY: 114180
[13:28:11:846993 --4:00] [Thread 16008] PLAYER: ( 76561198076381992 ) R Poptart's Party:1 (Poptart) REMOTE PURCHASED ITEM 10Rnd_93x64_DMR_05_Mag FOR 40 POPTABS | PLAYER TOTAL MONEY: 114140
[13:28:12:667170 --4:00] [Thread 12188] PLAYER: ( 76561198076381992 ) R Poptart's Party:1 (Poptart) REMOTE PURCHASED ITEM 10Rnd_93x64_DMR_05_Mag FOR 40 POPTABS | PLAYER TOTAL MONEY: 114100
[13:28:13:509414 --4:00] [Thread 16008] PLAYER: ( 76561198076381992 ) R Poptart's Party:1 (Poptart) REMOTE PURCHASED ITEM 10Rnd_93x64_DMR_05_Mag FOR 40 POPTABS | PLAYER TOTAL MONEY: 114060
[13:28:14:307535 --4:00] [Thread 12188] PLAYER: ( 76561198076381992 ) R Poptart's Party:1 (Poptart) REMOTE PURCHASED ITEM 10Rnd_93x64_DMR_05_Mag FOR 40 POPTABS | PLAYER TOTAL MONEY: 114020
[13:28:14:916155 --4:00] [Thread 16008] PLAYER: ( 76561198076381992 ) R Poptart's Party:1 (Poptart) REMOTE PURCHASED ITEM 10Rnd_93x64_DMR_05_Mag FOR 40 POPTABS | PLAYER TOTAL MONEY: 113980
[13:28:17:590272 --4:00] [Thread 12188] PLAYER: ( 76561198076381992 ) R Poptart's Party:1 (Poptart) REMOTE PURCHASED ITEM 10Rnd_93x64_DMR_05_Mag FOR 40 POPTABS | PLAYER TOTAL MONEY: 113940
[13:28:18:955902 --4:00] [Thread 16008] PLAYER: ( 76561198076381992 ) R Poptart's Party:1 (Poptart) REMOTE PURCHASED ITEM 10Rnd_93x64_DMR_05_Mag FOR 40 POPTABS | PLAYER TOTAL MONEY: 113900
[13:28:19:418140 --4:00] [Thread 12188] PLAYER: ( 76561198076381992 ) R Poptart's Party:1 (Poptart) REMOTE PURCHASED ITEM 10Rnd_93x64_DMR_05_Mag FOR 40 POPTABS | PLAYER TOTAL MONEY: 113860
[13:28:20:006696 --4:00] [Thread 16008] PLAYER: ( 76561198076381992 ) R Poptart's Party:1 (Poptart) REMOTE PURCHASED ITEM 10Rnd_93x64_DMR_05_Mag FOR 40 POPTABS | PLAYER TOTAL MONEY: 113820
[13:28:21:010367 --4:00] [Thread 12188] PLAYER: ( 76561198076381992 ) R Poptart's Party:1 (Poptart) REMOTE PURCHASED ITEM 10Rnd_93x64_DMR_05_Mag FOR 40 POPTABS | PLAYER TOTAL MONEY: 113780
[13:29:25:828839 --4:00] [Thread 12188] PLAYER: ( 76561198076381992 ) R Poptart's Party:1 (Poptart) REMOTE PURCHASED ITEM Exile_Item_BeefParts FOR 18 POPTABS | PLAYER TOTAL MONEY: 108762
[13:29:26:860612 --4:00] [Thread 16008] PLAYER: ( 76561198076381992 ) R Poptart's Party:1 (Poptart) REMOTE PURCHASED ITEM Exile_Item_BeefParts FOR 18 POPTABS | PLAYER TOTAL MONEY: 108744
[13:29:27:785110 --4:00] [Thread 16008] PLAYER: ( 76561198076381992 ) R Poptart's Party:1 (Poptart) REMOTE PURCHASED ITEM Exile_Item_BeefParts FOR 18 POPTABS | PLAYER TOTAL MONEY: 108726
[13:29:28:710568 --4:00] [Thread 12188] PLAYER: ( 76561198076381992 ) R Poptart's Party:1 (Poptart) REMOTE PURCHASED ITEM Exile_Item_BeefParts FOR 18 POPTABS | PLAYER TOTAL MONEY: 108708
[13:29:29:279014 --4:00] [Thread 16008] PLAYER: ( 76561198076381992 ) R Poptart's Party:1 (Poptart) REMOTE PURCHASED ITEM Exile_Item_BeefParts FOR 18 POPTABS | PLAYER TOTAL MONEY: 108690
[13:29:30:415032 --4:00] [Thread 12188] PLAYER: ( 76561198076381992 ) R Poptart's Party:1 (Poptart) REMOTE PURCHASED ITEM Exile_Item_MountainDupe FOR 30 POPTABS | PLAYER TOTAL MONEY: 108660
[13:29:31:845844 --4:00] [Thread 16008] PLAYER: ( 76561198076381992 ) R Poptart's Party:1 (Poptart) REMOTE PURCHASED ITEM Exile_Item_MountainDupe FOR 30 POPTABS | PLAYER TOTAL MONEY: 108630
[13:29:32:878593 --4:00] [Thread 12188] PLAYER: ( 76561198076381992 ) R Poptart's Party:1 (Poptart) REMOTE PURCHASED ITEM Exile_Item_MountainDupe FOR 30 POPTABS | PLAYER TOTAL MONEY: 108600
[13:29:33:825110 --4:00] [Thread 16008] PLAYER: ( 76561198076381992 ) R Poptart's Party:1 (Poptart) REMOTE PURCHASED ITEM Exile_Item_MountainDupe FOR 30 POPTABS | PLAYER TOTAL MONEY: 108570
[13:29:34:225171 --4:00] [Thread 12188] PLAYER: ( 76561198076381992 ) R Poptart's Party:1 (Poptart) REMOTE PURCHASED ITEM Exile_Item_MountainDupe FOR 30 POPTABS | PLAYER TOTAL MONEY: 108540
[13:30:05:197597 --4:00] [Thread 16008] PLAYER: ( 76561198039386396 ) R Alpha 1-3:1 (grimm9) REMOTE PURCHASED ITEM B_Bergen_mcamo_F FOR 400 POPTABS | PLAYER TOTAL MONEY: 46215
[13:30:11:756106 --4:00] [Thread 12188] PLAYER: ( 76561198076381992 ) R Poptart's Party:1 (Poptart) REMOTE PURCHASED ITEM Exile_Item_InstaDoc FOR 1250 POPTABS | PLAYER TOTAL MONEY: 107290
[13:30:12:533104 --4:00] [Thread 16008] PLAYER: ( 76561198076381992 ) R Poptart's Party:1 (Poptart) REMOTE PURCHASED ITEM Exile_Item_InstaDoc FOR 1250 POPTABS | PLAYER TOTAL MONEY: 106040
[13:30:13:037438 --4:00] [Thread 12188] PLAYER: ( 76561198076381992 ) R Poptart's Party:1 (Poptart) REMOTE PURCHASED ITEM Exile_Item_InstaDoc FOR 1250 POPTABS | PLAYER TOTAL MONEY: 104790
[13:30:13:667116 --4:00] [Thread 16008] PLAYER: ( 76561198076381992 ) R Poptart's Party:1 (Poptart) REMOTE PURCHASED ITEM Exile_Item_InstaDoc FOR 1250 POPTABS | PLAYER TOTAL MONEY: 103540
[13:30:14:148396 --4:00] [Thread 12188] PLAYER: ( 76561198076381992 ) R Poptart's Party:1 (Poptart) REMOTE PURCHASED ITEM Exile_Item_InstaDoc FOR 1250 POPTABS | PLAYER TOTAL MONEY: 102290
[13:31:06:814526 --4:00] [Thread 16008] PLAYER: ( 76561198076381992 ) R Poptart's Party:1 (Poptart) REMOTE PURCHASED ITEM acc_flashlight FOR 4 POPTABS | PLAYER TOTAL MONEY: 102286
[13:31:08:455895 --4:00] [Thread 12188] PLAYER: ( 76561198039386396 ) R Alpha 1-3:1 (grimm9) REMOTE PURCHASED ITEM srifle_LRR_F FOR 850 POPTABS | PLAYER TOTAL MONEY: 45365
[13:31:11:447849 --4:00] [Thread 12188] PLAYER: ( 76561198076381992 ) R Poptart's Party:1 (Poptart) REMOTE PURCHASED ITEM acc_pointer_IR FOR 10 POPTABS | PLAYER TOTAL MONEY: 102276
[13:31:18:927750 --4:00] [Thread 16008] PLAYER: ( 76561198039386396 ) R Alpha 1-3:1 (grimm9) REMOTE PURCHASED ITEM optic_LRPS FOR 300 POPTABS | PLAYER TOTAL MONEY: 45065
[13:31:43:141185 --4:00] [Thread 12188] PLAYER: ( 76561198039386396 ) R Alpha 1-3:1 (grimm9) REMOTE PURCHASED ITEM 7Rnd_408_Mag FOR 10 POPTABS | PLAYER TOTAL MONEY: 45055
[13:31:48:404261 --4:00] [Thread 16320] PLAYER: ( 76561198039386396 ) R Alpha 1-3:1 (grimm9) REMOTE SOLD ITEM 7Rnd_408_Mag FOR 5 POPTABS AND 0.5 RESPECT | PLAYER TOTAL MONEY: 45060
[13:31:50:213106 --4:00] [Thread 16008] PLAYER: ( 76561198039386396 ) R Alpha 1-3:1 (grimm9) REMOTE SOLD ITEM srifle_LRR_F FOR 575 POPTABS AND 57.5 RESPECT | PLAYER TOTAL MONEY: 45635
[13:32:13:698502 --4:00] [Thread 16320] PLAYER: ( 76561198039386396 ) R Alpha 1-3:1 (grimm9) REMOTE PURCHASED ITEM srifle_GM6_camo_F FOR 900 POPTABS | PLAYER TOTAL MONEY: 44735
[13:32:42:274524 --4:00] [Thread 16008] PLAYER: ( 76561198039386396 ) R Alpha 1-3:1 (grimm9) REMOTE PURCHASED ITEM 5Rnd_127x108_APDS_Mag FOR 50 POPTABS | PLAYER TOTAL MONEY: 44685
[13:32:43:493803 --4:00] [Thread 16320] PLAYER: ( 76561198039386396 ) R Alpha 1-3:1 (grimm9) REMOTE PURCHASED ITEM 5Rnd_127x108_APDS_Mag FOR 50 POPTABS | PLAYER TOTAL MONEY: 44635
[13:32:44:587678 --4:00] [Thread 16008] PLAYER: ( 76561198039386396 ) R Alpha 1-3:1 (grimm9) REMOTE PURCHASED ITEM 5Rnd_127x108_APDS_Mag FOR 50 POPTABS | PLAYER TOTAL MONEY: 44585
[13:32:45:534191 --4:00] [Thread 16320] PLAYER: ( 76561198039386396 ) R Alpha 1-3:1 (grimm9) REMOTE PURCHASED ITEM 5Rnd_127x108_APDS_Mag FOR 50 POPTABS | PLAYER TOTAL MONEY: 44535
[13:32:46:415534 --4:00] [Thread 16008] PLAYER: ( 76561198039386396 ) R Alpha 1-3:1 (grimm9) REMOTE PURCHASED ITEM 5Rnd_127x108_APDS_Mag FOR 50 POPTABS | PLAYER TOTAL MONEY: 44485
[13:32:47:297882 --4:00] [Thread 16320] PLAYER: ( 76561198039386396 ) R Alpha 1-3:1 (grimm9) REMOTE PURCHASED ITEM 5Rnd_127x108_APDS_Mag FOR 50 POPTABS | PLAYER TOTAL MONEY: 44435
[13:32:48:222351 --4:00] [Thread 16008] PLAYER: ( 76561198039386396 ) R Alpha 1-3:1 (grimm9) REMOTE PURCHASED ITEM 5Rnd_127x108_APDS_Mag FOR 50 POPTABS | PLAYER TOTAL MONEY: 44385
[13:32:49:147813 --4:00] [Thread 16320] PLAYER: ( 76561198039386396 ) R Alpha 1-3:1 (grimm9) REMOTE PURCHASED ITEM 5Rnd_127x108_APDS_Mag FOR 50 POPTABS | PLAYER TOTAL MONEY: 44335
[13:32:50:073267 --4:00] [Thread 16008] PLAYER: ( 76561198039386396 ) R Alpha 1-3:1 (grimm9) REMOTE PURCHASED ITEM 5Rnd_127x108_APDS_Mag FOR 50 POPTABS | PLAYER TOTAL MONEY: 44285
[13:32:51:081952 --4:00] [Thread 16320] PLAYER: ( 76561198039386396 ) R Alpha 1-3:1 (grimm9) REMOTE PURCHASED ITEM 5Rnd_127x108_APDS_Mag FOR 50 POPTABS | PLAYER TOTAL MONEY: 44235
[13:32:51:861023 --4:00] [Thread 16008] PLAYER: ( 76561198039386396 ) R Alpha 1-3:1 (grimm9) REMOTE PURCHASED ITEM 5Rnd_127x108_APDS_Mag FOR 50 POPTABS | PLAYER TOTAL MONEY: 44185
[13:32:52:722316 --4:00] [Thread 16320] PLAYER: ( 76561198039386396 ) R Alpha 1-3:1 (grimm9) REMOTE PURCHASED ITEM 5Rnd_127x108_APDS_Mag FOR 50 POPTABS | PLAYER TOTAL MONEY: 44135
[13:32:53:500381 --4:00] [Thread 16008] PLAYER: ( 76561198039386396 ) R Alpha 1-3:1 (grimm9) REMOTE PURCHASED ITEM 5Rnd_127x108_APDS_Mag FOR 50 POPTABS | PLAYER TOTAL MONEY: 44085
[13:32:54:321574 --4:00] [Thread 16320] PLAYER: ( 76561198039386396 ) R Alpha 1-3:1 (grimm9) REMOTE PURCHASED ITEM 5Rnd_127x108_APDS_Mag FOR 50 POPTABS | PLAYER TOTAL MONEY: 44035
[13:32:55:100643 --4:00] [Thread 16008] PLAYER: ( 76561198039386396 ) R Alpha 1-3:1 (grimm9) REMOTE PURCHASED ITEM 5Rnd_127x108_APDS_Mag FOR 50 POPTABS | PLAYER TOTAL MONEY: 43985
[13:32:55:814551 --4:00] [Thread 16320] PLAYER: ( 76561198039386396 ) R Alpha 1-3:1 (grimm9) REMOTE PURCHASED ITEM 5Rnd_127x108_APDS_Mag FOR 50 POPTABS | PLAYER TOTAL MONEY: 43935
[13:32:58:024421 --4:00] [Thread 16008] PLAYER: ( 76561198039386396 ) R Alpha 1-3:1 (grimm9) REMOTE PURCHASED ITEM optic_Nightstalker FOR 1000 POPTABS | PLAYER TOTAL MONEY: 42935
[13:33:02:334894 --4:00] [Thread 16320] PLAYER: ( 76561198039386396 ) R Alpha 1-3:1 (grimm9) REMOTE PURCHASED ITEM 5Rnd_127x108_APDS_Mag FOR 50 POPTABS | PLAYER TOTAL MONEY: 42885
[13:33:03:262373 --4:00] [Thread 16008] PLAYER: ( 76561198039386396 ) R Alpha 1-3:1 (grimm9) REMOTE PURCHASED ITEM 5Rnd_127x108_APDS_Mag FOR 50 POPTABS | PLAYER TOTAL MONEY: 42835
[13:33:04:572853 --4:00] [Thread 16320] PLAYER: ( 76561198039386396 ) R Alpha 1-3:1 (grimm9) REMOTE PURCHASED ITEM 5Rnd_127x108_APDS_Mag FOR 50 POPTABS | PLAYER TOTAL MONEY: 42785
[13:33:06:338550 --4:00] [Thread 16008] PLAYER: ( 76561198039386396 ) R Alpha 1-3:1 (grimm9) REMOTE PURCHASED ITEM 5Rnd_127x108_APDS_Mag FOR 50 POPTABS | PLAYER TOTAL MONEY: 42735
[13:33:13:333169 --4:00] [Thread 16320] PLAYER: ( 76561198039386396 ) R Alpha 1-3:1 (grimm9) REMOTE PURCHASED ITEM optic_LRPS_tna_F FOR 300 POPTABS | PLAYER TOTAL MONEY: 42435
[13:33:18:994215 --4:00] [Thread 16008] PLAYER: ( 76561198039386396 ) R Alpha 1-3:1 (grimm9) REMOTE PURCHASED ITEM 5Rnd_127x108_APDS_Mag FOR 50 POPTABS | PLAYER TOTAL MONEY: 42385
[13:33:22:551692 --4:00] [Thread 16320] PLAYER: ( 76561198076381992 ) R Poptart's Party:1 (Poptart) REMOTE PURCHASED ITEM Exile_Weapon_SA61 FOR 150 POPTABS | PLAYER TOTAL MONEY: 102126
[13:33:42:452646 --4:00] [Thread 16008] PLAYER: ( 76561198076381992 ) R Poptart's Party:1 (Poptart) REMOTE PURCHASED ITEM Exile_Magazine_20Rnd_765x17_SA61 FOR 20 POPTABS | PLAYER TOTAL MONEY: 102106
[13:33:44:375764 --4:00] [Thread 16320] PLAYER: ( 76561198076381992 ) R Poptart's Party:1 (Poptart) REMOTE PURCHASED ITEM Exile_Magazine_20Rnd_765x17_SA61 FOR 20 POPTABS | PLAYER TOTAL MONEY: 102086
[13:33:44:901158 --4:00] [Thread 16008] PLAYER: ( 76561198076381992 ) R Poptart's Party:1 (Poptart) REMOTE PURCHASED ITEM Exile_Magazine_20Rnd_765x17_SA61 FOR 20 POPTABS | PLAYER TOTAL MONEY: 102066
[13:33:45:574965 --4:00] [Thread 16320] PLAYER: ( 76561198076381992 ) R Poptart's Party:1 (Poptart) REMOTE PURCHASED ITEM Exile_Magazine_20Rnd_765x17_SA61 FOR 20 POPTABS | PLAYER TOTAL MONEY: 102046
[13:35:15:973477 --4:00] [Thread 16008] PLAYER: ( 76561198039386396 ) R Alpha 1-3:1 (grimm9) REMOTE PURCHASED ITEM Exile_Item_SafeKit FOR 25000 POPTABS | PLAYER TOTAL MONEY: 17385
[13:35:21:269559 --4:00] [Thread 16320] PLAYER: ( 76561198039386396 ) R Alpha 1-3:1 (grimm9) REMOTE PURCHASED ITEM Exile_Item_CodeLock FOR 5000 POPTABS | PLAYER TOTAL MONEY: 12385
[13:35:24:045952 --4:00] [Thread 16008] PLAYER: ( 76561198076381992 ) R Poptart's Party:1 (Poptart) REMOTE PURCHASED ITEM Exile_Item_CanOpener FOR 80 POPTABS | PLAYER TOTAL MONEY: 101966
[13:35:25:979089 --4:00] [Thread 16320] PLAYER: ( 76561198076381992 ) R Poptart's Party:1 (Poptart) REMOTE PURCHASED ITEM Exile_Item_DuctTape FOR 300 POPTABS | PLAYER TOTAL MONEY: 101666
[13:35:26:742117 --4:00] [Thread 16008] PLAYER: ( 76561198076381992 ) R Poptart's Party:1 (Poptart) REMOTE PURCHASED ITEM Exile_Item_DuctTape FOR 300 POPTABS | PLAYER TOTAL MONEY: 101366
[13:35:27:521229 --4:00] [Thread 16320] PLAYER: ( 76561198076381992 ) R Poptart's Party:1 (Poptart) REMOTE PURCHASED ITEM Exile_Item_DuctTape FOR 300 POPTABS | PLAYER TOTAL MONEY: 101066
[13:35:36:331635 --4:00] [Thread 16008] PLAYER: ( 76561198076381992 ) R Poptart's Party:1 (Poptart) REMOTE PURCHASED ITEM Rangefinder FOR 200 POPTABS | PLAYER TOTAL MONEY: 100866
[13:36:59:553065 --4:00] [Thread 16320] PLAYER: ( 76561198076381992 ) R Poptart's Party:1 (Poptart) REMOTE PURCHASED ITEM Exile_Item_EMRE FOR 54 POPTABS | PLAYER TOTAL MONEY: 100812
[13:37:00:183740 --4:00] [Thread 16008] PLAYER: ( 76561198076381992 ) R Poptart's Party:1 (Poptart) REMOTE PURCHASED ITEM Exile_Item_EMRE FOR 54 POPTABS | PLAYER TOTAL MONEY: 100758
[13:37:02:983199 --4:00] [Thread 16320] PLAYER: ( 76561198039386396 ) R Alpha 1-3:1 (grimm9) REMOTE PURCHASED ITEM Exile_Weapon_m107 FOR 850 POPTABS | PLAYER TOTAL MONEY: 11535
[13:37:11:060693 --4:00] [Thread 16008] PLAYER: ( 76561198039386396 ) R Alpha 1-3:1 (grimm9) REMOTE PURCHASED ITEM optic_Nightstalker FOR 1000 POPTABS | PLAYER TOTAL MONEY: 10535
[13:37:23:412561 --4:00] [Thread 16320] PLAYER: ( 76561198039386396 ) R Alpha 1-3:1 (grimm9) REMOTE PURCHASED ITEM Exile_Magazine_10Rnd_127x99_m107 FOR 30 POPTABS | PLAYER TOTAL MONEY: 10505
[13:37:24:360080 --4:00] [Thread 16008] PLAYER: ( 76561198039386396 ) R Alpha 1-3:1 (grimm9) REMOTE PURCHASED ITEM Exile_Magazine_10Rnd_127x99_m107 FOR 30 POPTABS | PLAYER TOTAL MONEY: 10475
[13:37:25:200351 --4:00] [Thread 16320] PLAYER: ( 76561198039386396 ) R Alpha 1-3:1 (grimm9) REMOTE PURCHASED ITEM Exile_Magazine_10Rnd_127x99_m107 FOR 30 POPTABS | PLAYER TOTAL MONEY: 10445
[13:37:26:104721 --4:00] [Thread 16008] PLAYER: ( 76561198039386396 ) R Alpha 1-3:1 (grimm9) REMOTE PURCHASED ITEM Exile_Magazine_10Rnd_127x99_m107 FOR 30 POPTABS | PLAYER TOTAL MONEY: 10415
[13:37:26:946955 --4:00] [Thread 16320] PLAYER: ( 76561198039386396 ) R Alpha 1-3:1 (grimm9) REMOTE PURCHASED ITEM Exile_Magazine_10Rnd_127x99_m107 FOR 30 POPTABS | PLAYER TOTAL MONEY: 10385
[13:37:27:749097 --4:00] [Thread 16008] PLAYER: ( 76561198039386396 ) R Alpha 1-3:1 (grimm9) REMOTE PURCHASED ITEM Exile_Magazine_10Rnd_127x99_m107 FOR 30 POPTABS | PLAYER TOTAL MONEY: 10355
[13:37:28:548224 --4:00] [Thread 16320] PLAYER: ( 76561198039386396 ) R Alpha 1-3:1 (grimm9) REMOTE PURCHASED ITEM Exile_Magazine_10Rnd_127x99_m107 FOR 30 POPTABS | PLAYER TOTAL MONEY: 10325
[13:37:29:327328 --4:00] [Thread 16008] PLAYER: ( 76561198039386396 ) R Alpha 1-3:1 (grimm9) REMOTE PURCHASED ITEM Exile_Magazine_10Rnd_127x99_m107 FOR 30 POPTABS | PLAYER TOTAL MONEY: 10295
[13:37:30:105366 --4:00] [Thread 16320] PLAYER: ( 76561198039386396 ) R Alpha 1-3:1 (grimm9) REMOTE PURCHASED ITEM Exile_Magazine_10Rnd_127x99_m107 FOR 30 POPTABS | PLAYER TOTAL MONEY: 10265
[13:37:30:946602 --4:00] [Thread 16008] PLAYER: ( 76561198039386396 ) R Alpha 1-3:1 (grimm9) REMOTE PURCHASED ITEM Exile_Magazine_10Rnd_127x99_m107 FOR 30 POPTABS | PLAYER TOTAL MONEY: 10235
[13:37:31:786837 --4:00] [Thread 16320] PLAYER: ( 76561198039386396 ) R Alpha 1-3:1 (grimm9) REMOTE PURCHASED ITEM Exile_Magazine_10Rnd_127x99_m107 FOR 30 POPTABS | PLAYER TOTAL MONEY: 10205
[13:37:32:544859 --4:00] [Thread 16008] PLAYER: ( 76561198039386396 ) R Alpha 1-3:1 (grimm9) REMOTE PURCHASED ITEM Exile_Magazine_10Rnd_127x99_m107 FOR 30 POPTABS | PLAYER TOTAL MONEY: 10175
[13:37:33:386097 --4:00] [Thread 16320] PLAYER: ( 76561198039386396 ) R Alpha 1-3:1 (grimm9) REMOTE PURCHASED ITEM Exile_Magazine_10Rnd_127x99_m107 FOR 30 POPTABS | PLAYER TOTAL MONEY: 10145
[13:37:34:287489 --4:00] [Thread 16008] PLAYER: ( 76561198039386396 ) R Alpha 1-3:1 (grimm9) REMOTE PURCHASED ITEM Exile_Magazine_10Rnd_127x99_m107 FOR 30 POPTABS | PLAYER TOTAL MONEY: 10115
[13:37:35:213984 --4:00] [Thread 16320] PLAYER: ( 76561198039386396 ) R Alpha 1-3:1 (grimm9) REMOTE PURCHASED ITEM Exile_Magazine_10Rnd_127x99_m107 FOR 30 POPTABS | PLAYER TOTAL MONEY: 10085
[13:37:36:139424 --4:00] [Thread 16008] PLAYER: ( 76561198039386396 ) R Alpha 1-3:1 (grimm9) REMOTE PURCHASED ITEM Exile_Magazine_10Rnd_127x99_m107 FOR 30 POPTABS | PLAYER TOTAL MONEY: 10055
[13:38:16:513833 --4:00] [Thread 16320] PLAYER: ( 76561198076381992 ) R Poptart's Party:1 (Poptart) REMOTE PURCHASED ITEM ItemGPS FOR 40 POPTABS | PLAYER TOTAL MONEY: 100718
[13:38:34:254036 --4:00] [Thread 16008] PLAYER: ( 76561198039386396 ) R Alpha 1-3:1 (grimm9) REMOTE PURCHASED ITEM Exile_Item_DuctTape FOR 300 POPTABS | PLAYER TOTAL MONEY: 9755
[13:38:35:284775 --4:00] [Thread 16320] PLAYER: ( 76561198039386396 ) R Alpha 1-3:1 (grimm9) REMOTE PURCHASED ITEM Exile_Item_DuctTape FOR 300 POPTABS | PLAYER TOTAL MONEY: 9455
[13:38:36:063863 --4:00] [Thread 16008] PLAYER: ( 76561198039386396 ) R Alpha 1-3:1 (grimm9) REMOTE PURCHASED ITEM Exile_Item_DuctTape FOR 300 POPTABS | PLAYER TOTAL MONEY: 9155
[13:38:59:359836 --4:00] [Thread 16320] PLAYER: ( 76561198039386396 ) R Alpha 1-3:1 (grimm9) REMOTE PURCHASED ITEM Exile_Item_Handsaw FOR 500 POPTABS | PLAYER TOTAL MONEY: 8655
[14:06:31:146975 --4:00] [Thread 12188] PLAYER: ( 76561198076381992 ) R Poptart's Party:1 (Poptart) REMOTE PURCHASED VEHICLE Exile_Chopper_Mohawk_FIA FOR 45000 POPTABS | PLAYER TOTAL MONEY: 55818
[14:09:25:562853 --4:00] [Thread 16320] PLAYER: ( 76561198076381992 ) R Poptart's Party:1 (Poptart) REMOTE PURCHASED ITEM Exile_Item_SafeKit FOR 25000 POPTABS | PLAYER TOTAL MONEY: 25818
[14:09:26:781100 --4:00] [Thread 16008] PLAYER: ( 76561198076381992 ) R Poptart's Party:1 (Poptart) REMOTE PURCHASED ITEM Exile_Item_SafeKit FOR 25000 POPTABS | PLAYER TOTAL MONEY: 818
[14:09:34:648026 --4:00] [Thread 16008] PLAYER: ( 76561198076381992 ) R Poptart's Party:1 (Poptart) REMOTE PURCHASED ITEM Exile_Item_Handsaw FOR 500 POPTABS | PLAYER TOTAL MONEY: 318
[14:29:06:476573 --4:00] [Thread 16008] PLAYER: ( 76561198039386396 ) R Poptart's Party:2 (grimm9) REMOTE SOLD ITEM 30Rnd_65x39_caseless_mag FOR 10 POPTABS AND 1 RESPECT | PLAYER TOTAL MONEY: 1315
[14:29:08:896439 --4:00] [Thread 16320] PLAYER: ( 76561198039386396 ) R Poptart's Party:2 (grimm9) REMOTE SOLD ITEM 10Rnd_762x54_Mag FOR 15 POPTABS AND 1.5 RESPECT | PLAYER TOTAL MONEY: 1330
[14:29:14:225648 --4:00] [Thread 16320] PLAYER: ( 76561198039386396 ) R Poptart's Party:2 (grimm9) REMOTE SOLD ITEM Exile_Magazine_10Rnd_9x39 FOR 10 POPTABS AND 1 RESPECT | PLAYER TOTAL MONEY: 1340
[14:29:15:716591 --4:00] [Thread 16320] PLAYER: ( 76561198039386396 ) R Poptart's Party:2 (grimm9) REMOTE SOLD ITEM 100Rnd_65x39_caseless_mag FOR 15 POPTABS AND 1.5 RESPECT | PLAYER TOTAL MONEY: 1355
[14:29:17:063180 --4:00] [Thread 16320] PLAYER: ( 76561198039386396 ) R Poptart's Party:2 (grimm9) REMOTE SOLD ITEM Exile_Magazine_30Rnd_762x39_AK FOR 10 POPTABS AND 1 RESPECT | PLAYER TOTAL MONEY: 1365
[14:29:18:200199 --4:00] [Thread 16320] PLAYER: ( 76561198039386396 ) R Poptart's Party:2 (grimm9) REMOTE SOLD ITEM 150Rnd_762x54_Box FOR 10 POPTABS AND 1 RESPECT | PLAYER TOTAL MONEY: 1375
[14:29:19:402404 --4:00] [Thread 16320] PLAYER: ( 76561198039386396 ) R Poptart's Party:2 (grimm9) REMOTE SOLD ITEM Exile_Magazine_30Rnd_762x39_AK FOR 10 POPTABS AND 1 RESPECT | PLAYER TOTAL MONEY: 1385
[14:29:22:686129 --4:00] [Thread 16320] PLAYER: ( 76561198039386396 ) R Poptart's Party:2 (grimm9) REMOTE SOLD ITEM 20Rnd_762x51_Mag FOR 10 POPTABS AND 1 RESPECT | PLAYER TOTAL MONEY: 1395
[14:29:25:050417 --4:00] [Thread 16320] PLAYER: ( 76561198039386396 ) R Poptart's Party:2 (grimm9) REMOTE SOLD ITEM 30Rnd_65x39_caseless_mag FOR 10 POPTABS AND 1 RESPECT | PLAYER TOTAL MONEY: 1405
[14:29:26:247605 --4:00] [Thread 16320] PLAYER: ( 76561198039386396 ) R Poptart's Party:2 (grimm9) REMOTE SOLD ITEM 100Rnd_65x39_caseless_mag FOR 15 POPTABS AND 1.5 RESPECT | PLAYER TOTAL MONEY: 1420
[14:29:31:638954 --4:00] [Thread 16320] PLAYER: ( 76561198039386396 ) R Poptart's Party:2 (grimm9) REMOTE SOLD ITEM 10Rnd_93x64_DMR_05_Mag FOR 20 POPTABS AND 2 RESPECT | PLAYER TOTAL MONEY: 1440
[14:29:32:731866 --4:00] [Thread 16320] PLAYER: ( 76561198039386396 ) R Poptart's Party:2 (grimm9) REMOTE SOLD ITEM Exile_Magazine_10Rnd_762x54 FOR 10 POPTABS AND 1 RESPECT | PLAYER TOTAL MONEY: 1450
[14:29:33:970158 --4:00] [Thread 16320] PLAYER: ( 76561198039386396 ) R Poptart's Party:2 (grimm9) REMOTE SOLD ITEM arifle_MXM_Black_F FOR 275 POPTABS AND 27.5 RESPECT | PLAYER TOTAL MONEY: 1725
[14:29:35:210459 --4:00] [Thread 16320] PLAYER: ( 76561198039386396 ) R Poptart's Party:2 (grimm9) REMOTE SOLD ITEM srifle_DMR_03_woodland_F FOR 375 POPTABS AND 37.5 RESPECT | PLAYER TOTAL MONEY: 2100
[14:29:36:701423 --4:00] [Thread 16320] PLAYER: ( 76561198039386396 ) R Poptart's Party:2 (grimm9) REMOTE SOLD ITEM srifle_DMR_01_F FOR 300 POPTABS AND 30 RESPECT | PLAYER TOTAL MONEY: 2400
[14:29:39:327417 --4:00] [Thread 16320] PLAYER: ( 76561198039386396 ) R Poptart's Party:2 (grimm9) REMOTE SOLD ITEM Exile_Weapon_VSSVintorez FOR 300 POPTABS AND 30 RESPECT | PLAYER TOTAL MONEY: 2700
[14:29:40:755212 --4:00] [Thread 16320] PLAYER: ( 76561198039386396 ) R Poptart's Party:2 (grimm9) REMOTE SOLD ITEM arifle_MX_SW_Black_F FOR 125 POPTABS AND 12.5 RESPECT | PLAYER TOTAL MONEY: 2825
[14:29:42:059690 --4:00] [Thread 16320] PLAYER: ( 76561198039386396 ) R Poptart's Party:2 (grimm9) REMOTE SOLD ITEM Exile_Weapon_AKS_Gold FOR 275 POPTABS AND 27.5 RESPECT | PLAYER TOTAL MONEY: 3100
[14:29:43:531664 --4:00] [Thread 16320] PLAYER: ( 76561198039386396 ) R Poptart's Party:2 (grimm9) REMOTE SOLD ITEM LMG_Zafir_F FOR 175 POPTABS AND 17.5 RESPECT | PLAYER TOTAL MONEY: 3275
[14:29:44:824044 --4:00] [Thread 16320] PLAYER: ( 76561198039386396 ) R Poptart's Party:2 (grimm9) REMOTE SOLD ITEM Exile_Weapon_AK47 FOR 250 POPTABS AND 25 RESPECT | PLAYER TOTAL MONEY: 3525
[14:29:47:203366 --4:00] [Thread 16320] PLAYER: ( 76561198039386396 ) R Poptart's Party:2 (grimm9) REMOTE SOLD ITEM arifle_MXC_F FOR 175 POPTABS AND 17.5 RESPECT | PLAYER TOTAL MONEY: 3700
[14:29:48:654225 --4:00] [Thread 16320] PLAYER: ( 76561198039386396 ) R Poptart's Party:2 (grimm9) REMOTE SOLD ITEM arifle_MX_SW_Black_F FOR 125 POPTABS AND 12.5 RESPECT | PLAYER TOTAL MONEY: 3825
[14:29:52:954671 --4:00] [Thread 16320] PLAYER: ( 76561198039386396 ) R Poptart's Party:2 (grimm9) REMOTE SOLD ITEM srifle_DMR_05_blk_F FOR 425 POPTABS AND 42.5 RESPECT | PLAYER TOTAL MONEY: 4250
[14:29:54:468701 --4:00] [Thread 16320] PLAYER: ( 76561198039386396 ) R Poptart's Party:2 (grimm9) REMOTE SOLD ITEM Exile_Weapon_SVD FOR 400 POPTABS AND 40 RESPECT | PLAYER TOTAL MONEY: 4650
[14:29:55:797226 --4:00] [Thread 16320] PLAYER: ( 76561198039386396 ) R Poptart's Party:2 (grimm9) REMOTE SOLD ITEM optic_MRCO FOR 50 POPTABS AND 5 RESPECT | PLAYER TOTAL MONEY: 4700
[14:29:56:913202 --4:00] [Thread 16320] PLAYER: ( 76561198039386396 ) R Poptart's Party:2 (grimm9) REMOTE SOLD ITEM optic_MRCO FOR 50 POPTABS AND 5 RESPECT | PLAYER TOTAL MONEY: 4750
[14:29:58:132437 --4:00] [Thread 16320] PLAYER: ( 76561198039386396 ) R Poptart's Party:2 (grimm9) REMOTE SOLD ITEM bipod_02_F_hex FOR 5 POPTABS AND 0.5 RESPECT | PLAYER TOTAL MONEY: 4755
[14:29:59:164177 --4:00] [Thread 16320] PLAYER: ( 76561198039386396 ) R Poptart's Party:2 (grimm9) REMOTE SOLD ITEM bipod_01_F_mtp FOR 5 POPTABS AND 0.5 RESPECT | PLAYER TOTAL MONEY: 4760
[14:30:00:279152 --4:00] [Thread 16320] PLAYER: ( 76561198039386396 ) R Poptart's Party:2 (grimm9) REMOTE SOLD ITEM optic_Arco FOR 50 POPTABS AND 5 RESPECT | PLAYER TOTAL MONEY: 4810
[14:30:01:253750 --4:00] [Thread 16320] PLAYER: ( 76561198039386396 ) R Poptart's Party:2 (grimm9) REMOTE SOLD ITEM muzzle_snds_H_snd_F FOR 25 POPTABS AND 2.5 RESPECT | PLAYER TOTAL MONEY: 4835
[14:30:02:200258 --4:00] [Thread 16320] PLAYER: ( 76561198039386396 ) R Poptart's Party:2 (grimm9) REMOTE SOLD ITEM optic_Hamr FOR 100 POPTABS AND 10 RESPECT | PLAYER TOTAL MONEY: 4935
[14:30:03:247046 --4:00] [Thread 16320] PLAYER: ( 76561198039386396 ) R Poptart's Party:2 (grimm9) REMOTE SOLD ITEM bipod_02_F_tan FOR 5 POPTABS AND 0.5 RESPECT | PLAYER TOTAL MONEY: 4940
[14:30:04:172506 --4:00] [Thread 16320] PLAYER: ( 76561198039386396 ) R Poptart's Party:2 (grimm9) REMOTE SOLD ITEM bipod_02_F_tan FOR 5 POPTABS AND 0.5 RESPECT | PLAYER TOTAL MONEY: 4945
[14:30:05:159132 --4:00] [Thread 16320] PLAYER: ( 76561198039386396 ) R Poptart's Party:2 (grimm9) REMOTE SOLD ITEM optic_Holosight FOR 25 POPTABS AND 2.5 RESPECT | PLAYER TOTAL MONEY: 4970
[14:30:06:155791 --4:00] [Thread 16320] PLAYER: ( 76561198039386396 ) R Poptart's Party:2 (grimm9) REMOTE SOLD ITEM optic_AMS_khk FOR 150 POPTABS AND 15 RESPECT | PLAYER TOTAL MONEY: 5120
[14:30:07:120348 --4:00] [Thread 16320] PLAYER: ( 76561198039386396 ) R Poptart's Party:2 (grimm9) REMOTE SOLD ITEM bipod_03_F_blk FOR 5 POPTABS AND 0.5 RESPECT | PLAYER TOTAL MONEY: 5125
[14:30:48:455283 --4:00] [Thread 13140] PLAYER: ( 76561198076381992 ) R Derps:1 (Poptart) REMOTE PURCHASED ITEM U_O_Wetsuit FOR 80 POPTABS | PLAYER TOTAL MONEY: 499920
[14:31:03:393047 --4:00] [Thread 16008] PLAYER: ( 76561198076381992 ) R Derps:1 (Poptart) REMOTE PURCHASED ITEM H_HelmetLeaderO_ghex_F FOR 175 POPTABS | PLAYER TOTAL MONEY: 499745
[14:31:18:358861 --4:00] [Thread 13140] PLAYER: ( 76561198076381992 ) R Derps:1 (Poptart) REMOTE PURCHASED ITEM V_PlateCarrierGL_tna_F FOR 500 POPTABS | PLAYER TOTAL MONEY: 499245
[14:31:25:298321 --4:00] [Thread 13140] PLAYER: ( 76561198076381992 ) R Derps:1 (Poptart) REMOTE PURCHASED ITEM B_Bergen_dgtl_F FOR 400 POPTABS | PLAYER TOTAL MONEY: 498845
[14:31:30:465060 --4:00] [Thread 16008] PLAYER: ( 76561198076381992 ) R Derps:1 (Poptart) REMOTE PURCHASED ITEM Exile_Item_InstaDoc FOR 1250 POPTABS | PLAYER TOTAL MONEY: 497595
[14:31:31:161912 --4:00] [Thread 13140] PLAYER: ( 76561198076381992 ) R Derps:1 (Poptart) REMOTE PURCHASED ITEM Exile_Item_InstaDoc FOR 1250 POPTABS | PLAYER TOTAL MONEY: 496345
[14:31:31:728417 --4:00] [Thread 16008] PLAYER: ( 76561198076381992 ) R Derps:1 (Poptart) REMOTE PURCHASED ITEM Exile_Item_InstaDoc FOR 1250 POPTABS | PLAYER TOTAL MONEY: 495095
[14:31:32:483428 --4:00] [Thread 13140] PLAYER: ( 76561198076381992 ) R Derps:1 (Poptart) REMOTE PURCHASED ITEM Exile_Item_InstaDoc FOR 1250 POPTABS | PLAYER TOTAL MONEY: 493845
[14:31:33:157217 --4:00] [Thread 16008] PLAYER: ( 76561198039386396 ) R Poptart's Party:2 (grimm9) REMOTE PURCHASED ITEM Exile_Item_SafeKit FOR 25000 POPTABS | PLAYER TOTAL MONEY: 125
[14:31:57:302869 --4:00] [Thread 16320] PLAYER: ( 76561198076381992 ) R Derps:1 (Poptart) REMOTE PURCHASED VEHICLE Exile_Car_Van_Fuel_Black FOR 15000 POPTABS | PLAYER TOTAL MONEY: 478845
[14:32:15:761591 --4:00] [Thread 13140] PLAYER: ( 76561198039386396 ) R Poptart's Party:2 (grimm9) REMOTE PURCHASED ITEM Exile_Magazine_10Rnd_127x99_m107 FOR 30 POPTABS | PLAYER TOTAL MONEY: 95
[14:32:16:497559 --4:00] [Thread 16008] PLAYER: ( 76561198039386396 ) R Poptart's Party:2 (grimm9) REMOTE PURCHASED ITEM Exile_Magazine_10Rnd_127x99_m107 FOR 30 POPTABS | PLAYER TOTAL MONEY: 65
[14:32:17:697740 --4:00] [Thread 13140] PLAYER: ( 76561198039386396 ) R Poptart's Party:2 (grimm9) REMOTE PURCHASED ITEM Exile_Magazine_10Rnd_127x99_m107 FOR 30 POPTABS | PLAYER TOTAL MONEY: 35
[14:32:18:582092 --4:00] [Thread 16008] PLAYER: ( 76561198039386396 ) R Poptart's Party:2 (grimm9) REMOTE PURCHASED ITEM Exile_Magazine_10Rnd_127x99_m107 FOR 30 POPTABS | PLAYER TOTAL MONEY: 5
[14:32:23:596429 --4:00] [Thread 13140] PLAYER: ( 76561198076381992 ) R Derps:1 (Poptart) REMOTE PURCHASED ITEM srifle_DMR_03_khaki_F FOR 750 POPTABS | PLAYER TOTAL MONEY: 478095
[14:32:33:387482 --4:00] [Thread 16008] PLAYER: ( 76561198076381992 ) R Derps:1 (Poptart) REMOTE PURCHASED ITEM muzzle_snds_B_snd_F FOR 50 POPTABS | PLAYER TOTAL MONEY: 478045
[14:32:36:418540 --4:00] [Thread 13140] PLAYER: ( 76561198076381992 ) R Derps:1 (Poptart) REMOTE PURCHASED ITEM optic_AMS_snd FOR 300 POPTABS | PLAYER TOTAL MONEY: 477745
[14:32:39:583963 --4:00] [Thread 16008] PLAYER: ( 76561198076381992 ) R Derps:1 (Poptart) REMOTE PURCHASED ITEM optic_Nightstalker FOR 1000 POPTABS | PLAYER TOTAL MONEY: 476745
[14:32:43:587625 --4:00] [Thread 13140] PLAYER: ( 76561198076381992 ) R Derps:1 (Poptart) REMOTE PURCHASED ITEM bipod_01_F_khk FOR 10 POPTABS | PLAYER TOTAL MONEY: 476735
[14:32:47:178163 --4:00] [Thread 16008] PLAYER: ( 76561198076381992 ) R Derps:1 (Poptart) REMOTE PURCHASED ITEM 20Rnd_762x51_Mag FOR 20 POPTABS | PLAYER TOTAL MONEY: 476715
[14:32:48:020411 --4:00] [Thread 13140] PLAYER: ( 76561198076381992 ) R Derps:1 (Poptart) REMOTE PURCHASED ITEM 20Rnd_762x51_Mag FOR 20 POPTABS | PLAYER TOTAL MONEY: 476695
[14:32:48:756369 --4:00] [Thread 16008] PLAYER: ( 76561198076381992 ) R Derps:1 (Poptart) REMOTE PURCHASED ITEM 20Rnd_762x51_Mag FOR 20 POPTABS | PLAYER TOTAL MONEY: 476675
[14:32:50:090921 --4:00] [Thread 13140] PLAYER: ( 76561198076381992 ) R Derps:1 (Poptart) REMOTE PURCHASED ITEM 20Rnd_762x51_Mag FOR 20 POPTABS | PLAYER TOTAL MONEY: 476655
[14:32:52:382014 --4:00] [Thread 16008] PLAYER: ( 76561198076381992 ) R Derps:1 (Poptart) REMOTE PURCHASED ITEM 20Rnd_762x51_Mag FOR 20 POPTABS | PLAYER TOTAL MONEY: 476635
[14:32:53:241303 --4:00] [Thread 13140] PLAYER: ( 76561198076381992 ) R Derps:1 (Poptart) REMOTE PURCHASED ITEM 20Rnd_762x51_Mag FOR 20 POPTABS | PLAYER TOTAL MONEY: 476615
[14:32:54:145703 --4:00] [Thread 16008] PLAYER: ( 76561198076381992 ) R Derps:1 (Poptart) REMOTE PURCHASED ITEM 20Rnd_762x51_Mag FOR 20 POPTABS | PLAYER TOTAL MONEY: 476595
[14:32:54:861614 --4:00] [Thread 13140] PLAYER: ( 76561198076381992 ) R Derps:1 (Poptart) REMOTE PURCHASED ITEM 20Rnd_762x51_Mag FOR 20 POPTABS | PLAYER TOTAL MONEY: 476575
[14:32:56:181119 --4:00] [Thread 16008] PLAYER: ( 76561198076381992 ) R Derps:1 (Poptart) REMOTE PURCHASED ITEM 20Rnd_762x51_Mag FOR 20 POPTABS | PLAYER TOTAL MONEY: 476555
[14:32:56:790742 --4:00] [Thread 13140] PLAYER: ( 76561198076381992 ) R Derps:1 (Poptart) REMOTE PURCHASED ITEM 20Rnd_762x51_Mag FOR 20 POPTABS | PLAYER TOTAL MONEY: 476535
[14:32:58:031048 --4:00] [Thread 16008] PLAYER: ( 76561198076381992 ) R Derps:1 (Poptart) REMOTE PURCHASED ITEM 20Rnd_762x51_Mag FOR 20 POPTABS | PLAYER TOTAL MONEY: 476515
[14:33:23:426611 --4:00] [Thread 13140] PLAYER: ( 76561198076381992 ) R Derps:1 (Poptart) REMOTE PURCHASED ITEM Rangefinder FOR 200 POPTABS | PLAYER TOTAL MONEY: 476315
[14:33:26:877804 --4:00] [Thread 16008] PLAYER: ( 76561198076381992 ) R Derps:1 (Poptart) REMOTE PURCHASED ITEM Exile_Item_CodeLock FOR 5000 POPTABS | PLAYER TOTAL MONEY: 471315
[14:33:29:621094 --4:00] [Thread 16008] PLAYER: ( 76561198076381992 ) R Derps:1 (Poptart) REMOTE PURCHASED ITEM Exile_Item_DuctTape FOR 300 POPTABS | PLAYER TOTAL MONEY: 471015
[14:33:30:273829 --4:00] [Thread 16008] PLAYER: ( 76561198076381992 ) R Derps:1 (Poptart) REMOTE PURCHASED ITEM Exile_Item_DuctTape FOR 300 POPTABS | PLAYER TOTAL MONEY: 470715
[14:33:30:673913 --4:00] [Thread 16008] PLAYER: ( 76561198076381992 ) R Derps:1 (Poptart) REMOTE PURCHASED ITEM Exile_Item_DuctTape FOR 300 POPTABS | PLAYER TOTAL MONEY: 470415
[14:33:31:326637 --4:00] [Thread 16008] PLAYER: ( 76561198076381992 ) R Derps:1 (Poptart) REMOTE PURCHASED ITEM Exile_Item_DuctTape FOR 300 POPTABS | PLAYER TOTAL MONEY: 470115
[14:33:38:055555 --4:00] [Thread 16008] PLAYER: ( 76561198076381992 ) R Derps:1 (Poptart) REMOTE PURCHASED ITEM Exile_Item_FuelCanisterEmpty FOR 40 POPTABS | PLAYER TOTAL MONEY: 470075
[14:33:38:708275 --4:00] [Thread 16008] PLAYER: ( 76561198076381992 ) R Derps:1 (Poptart) REMOTE PURCHASED ITEM Exile_Item_FuelCanisterEmpty FOR 40 POPTABS | PLAYER TOTAL MONEY: 470035
[14:33:39:150447 --4:00] [Thread 16008] PLAYER: ( 76561198076381992 ) R Derps:1 (Poptart) REMOTE PURCHASED ITEM Exile_Item_FuelCanisterEmpty FOR 40 POPTABS | PLAYER TOTAL MONEY: 469995
[14:33:39:781125 --4:00] [Thread 16008] PLAYER: ( 76561198076381992 ) R Derps:1 (Poptart) REMOTE PURCHASED ITEM Exile_Item_FuelCanisterEmpty FOR 40 POPTABS | PLAYER TOTAL MONEY: 469955
[14:33:40:181190 --4:00] [Thread 16008] PLAYER: ( 76561198076381992 ) R Derps:1 (Poptart) REMOTE PURCHASED ITEM Exile_Item_FuelCanisterEmpty FOR 40 POPTABS | PLAYER TOTAL MONEY: 469915
[14:33:40:790810 --4:00] [Thread 16008] PLAYER: ( 76561198076381992 ) R Derps:1 (Poptart) REMOTE PURCHASED ITEM Exile_Item_FuelCanisterEmpty FOR 40 POPTABS | PLAYER TOTAL MONEY: 469875
[14:33:47:196898 --4:00] [Thread 16008] PLAYER: ( 76561198076381992 ) R Derps:1 (Poptart) REMOTE PURCHASED ITEM Exile_Item_Handsaw FOR 500 POPTABS | PLAYER TOTAL MONEY: 469375
[14:33:48:818186 --4:00] [Thread 16008] PLAYER: ( 76561198076381992 ) R Derps:1 (Poptart) REMOTE PURCHASED ITEM Exile_Item_Grinder FOR 1250 POPTABS | PLAYER TOTAL MONEY: 468125
[14:37:24:559676 --4:00] [Thread 16320] PLAYER: ( 76561198076381992 ) R Derps:1 (Poptart) REMOTE PURCHASED VEHICLE Exile_Chopper_Taru_Transport_Black FOR 17000 POPTABS | PLAYER TOTAL MONEY: 451125
