[15:56:57:226485 --4:00] [Thread 11684] grimm9 was killed by an NPC!
[16:15:18:308819 --4:00] [Thread 7840] Poptart was killed by an NPC!
[16:21:16:018580 --4:00] [Thread 11660] Aurora was killed by an NPC!
[16:24:41:899281 --4:00] [Thread 3964] Aurora commited suicide!
[16:33:41:486135 --4:00] [Thread 11684] Poptart commited suicide!
[16:33:41:570291 --4:00] [Thread 10188] Aurora died because that's why.
[16:33:41:738622 --4:00] [Thread 11108] grimm9 died because grimm9 was very unlucky.
[16:34:18:846461 --4:00] [Thread 10188] Poptart commited suicide!
[16:44:56:371759 --4:00] [Thread 11108] Poptart was killed by an NPC!
[16:45:23:692472 --4:00] [Thread 10188] grimm9 was killed by an NPC!
[16:53:40:923441 --4:00] [Thread 11108] Poptart was killed by an NPC!
[17:21:28:671409 --4:00] [Thread 10188] Poptart commited suicide!
[17:33:49:670319 --4:00] [Thread 3964] Aurora was killed by an NPC!
[17:33:50:153595 --4:00] [Thread 11108] grimm9 was killed by an NPC!
[17:33:50:909612 --4:00] [Thread 11660] Poptart was killed by an NPC!
[17:36:54:405840 --4:00] [Thread 11660] grimm9 was killed by an NPC!
[17:40:34:239919 --4:00] [Thread 7840] Aurora was killed by an NPC!
[17:47:10:932404 --4:00] [Thread 3964] Aurora died because Aurora was very unlucky.
[19:03:43:505867 --4:00] [Thread 7840] Poptart was killed by an NPC!
[19:04:07:020115 --4:00] [Thread 10188] Aurora was killed by an NPC!
[19:09:51:805921 --4:00] [Thread 11660] Poptart was killed by an NPC!
[19:14:04:377857 --4:00] [Thread 10188] Poptart commited suicide!
[19:15:47:366035 --4:00] [Thread 11108] Aurora was killed by an NPC!
[19:23:21:598418 --4:00] [Thread 3964] grimm9 was killed by an NPC!
