[15:56:33:258661 --4:00] [Thread 10188] PLAYER: ( 76561198076381992 ) R Poptart's Party:1 (Poptart) REMOTE PURCHASED VEHICLE Exile_Car_Lada_Green FOR 6000 POPTABS | PLAYER TOTAL MONEY: 4200
[15:59:09:168410 --4:00] [Thread 11684] PLAYER: ( 76561198076381992 ) R Poptart's Party:1 (Poptart) REMOTE PURCHASED VEHICLE Exile_Bike_QuadBike_Black FOR 2500 POPTABS | PLAYER TOTAL MONEY: 1700
[16:02:27:510876 --4:00] [Thread 11684] PLAYER: ( 76561198072397859 ) R Poptart's Party:3 (Aurora) REMOTE SOLD ITEM Exile_Item_Codelock FOR 2500 POPTABS AND 250 RESPECT | PLAYER TOTAL MONEY: 2550
[16:02:31:921608 --4:00] [Thread 10188] PLAYER: ( 76561198072397859 ) R Poptart's Party:3 (Aurora) REMOTE SOLD ITEM 30Rnd_9x21_Mag_SMG_02 FOR 5 POPTABS AND 0.5 RESPECT | PLAYER TOTAL MONEY: 2555
[16:02:55:374943 --4:00] [Thread 7840] PLAYER: ( 76561198072397859 ) R Poptart's Party:3 (Aurora) REMOTE PURCHASED ITEM B_AssaultPack_tna_F FOR 90 POPTABS | PLAYER TOTAL MONEY: 2465
[16:09:36:933369 --4:00] [Thread 10188] PLAYER: ( 76561198072397859 ) R Alpha 1-4:1 (Aurora) REMOTE PURCHASED ITEM acc_flashlight FOR 4 POPTABS | PLAYER TOTAL MONEY: 396
[16:09:40:296328 --4:00] [Thread 7840] PLAYER: ( 76561198072397859 ) R Alpha 1-4:1 (Aurora) REMOTE PURCHASED ITEM optic_ERCO_snd_F FOR 125 POPTABS | PLAYER TOTAL MONEY: 271
[16:12:35:797304 --4:00] [Thread 11684] PLAYER: ( 76561198076381992 ) R Alpha 1-5:1 (Poptart) REMOTE PURCHASED VEHICLE Exile_Car_Hunter FOR 26500 POPTABS | PLAYER TOTAL MONEY: 25200
[16:25:37:888199 --4:00] [Thread 11660] PLAYER: ( 76561198076381992 ) R Aurora's Party:4 (Poptart) REMOTE PURCHASED VEHICLE Exile_Chopper_Huey_Green FOR 21000 POPTABS | PLAYER TOTAL MONEY: 4425
[17:06:27:577597 --4:00] [Thread 7840] PLAYER: ( 76561198076381992 ) R Aurora's Party:4 (Poptart) REMOTE SOLD ITEM: Exile_Car_SUV_Black (ID# <null>) with Cargo ["Exile_Magazine_30Rnd_762x39_AK","100Rnd_65x39_caseless_mag","Exile_Magazine_30Rnd_762x39_AK","100Rnd_65x39_caseless_mag","Exile_Magazine_30Rnd_762x39_AK","Exile_Item_InstaDoc","Exile_Magazine_30Rnd_762x39_AK","Exile_Magazine_30Rnd_762x39_AK","Exile_Magazine_30Rnd_762x39_AK","Exile_Magazine_30Rnd_762x39_AK","Exile_Item_Matches","11Rnd_45ACP_Mag","100Rnd_65x39_caseless_mag","100Rnd_65x39_caseless_mag","30Rnd_556x45_Stanag","Exile_Magazine_30Rnd_762x39_AK","20Rnd_762x51_Mag","Exile_Item_FortificationUpgrade","20Rnd_762x51_Mag","Exile_Item_WoodWindowKit","20Rnd_762x51_Mag","Exile_Item_SandBagsKit_Corner","Exile_Magazine_30Rnd_762x39_AK","Exile_Magazine_30Rnd_762x39_AK","30Rnd_556x45_Stanag","30Rnd_556x45_Stanag","16Rnd_9x21_Mag","30Rnd_556x45_Stanag","30Rnd_556x45_Stanag","30Rnd_556x45_Stanag","30Rnd_556x45_Stanag","Exile_Magazine_30Rnd_545x39_AK","Exile_Magazine_30Rnd_545x39_AK","Exile_Magazine_30Rnd_545x39_AK","30Rnd_556x45_Stanag","30Rnd_556x45_Stanag","30Rnd_556x45_Stanag","arifle_MX_SW_Black_F","optic_MRCO","100Rnd_65x39_caseless_mag","bipod_01_F_blk","arifle_Mk20_plain_F","Exile_Weapon_AK74_GL","Exile_Weapon_AKS_Gold","arifle_TRG20_F","hgun_PDW2000_F","16Rnd_9x21_green_Mag","arifle_Katiba_GL_F","srifle_DMR_06_olive_F"] FOR 9409 POPTABS AND 940.9 RESPECT | PLAYER TOTAL MONEY: 9659
[17:07:40:443041 --4:00] [Thread 10188] PLAYER: ( 76561198072397859 ) R Aurora's Party:5 (Aurora) REMOTE PURCHASED ITEM acc_flashlight FOR 4 POPTABS | PLAYER TOTAL MONEY: 4896
[17:07:45:583785 --4:00] [Thread 7840] PLAYER: ( 76561198072397859 ) R Aurora's Party:5 (Aurora) REMOTE SOLD ITEM optic_Aco FOR 35 POPTABS AND 3.5 RESPECT | PLAYER TOTAL MONEY: 4931
[17:07:46:611451 --4:00] [Thread 10188] PLAYER: ( 76561198076381992 ) R Aurora's Party:4 (Poptart) REMOTE PURCHASED ITEM muzzle_snds_93mmg FOR 50 POPTABS | PLAYER TOTAL MONEY: 4909
[17:07:49:299602 --4:00] [Thread 7840] PLAYER: ( 76561198076381992 ) R Aurora's Party:4 (Poptart) REMOTE PURCHASED ITEM optic_Nightstalker FOR 1000 POPTABS | PLAYER TOTAL MONEY: 3909
[17:07:52:444981 --4:00] [Thread 10188] PLAYER: ( 76561198072397859 ) R Aurora's Party:5 (Aurora) REMOTE PURCHASED ITEM optic_ERCO_blk_F FOR 125 POPTABS | PLAYER TOTAL MONEY: 4806
[17:07:58:397826 --4:00] [Thread 7840] PLAYER: ( 76561198076381992 ) R Aurora's Party:4 (Poptart) REMOTE PURCHASED ITEM Exile_Magazine_10Rnd_93x64_DMR_05_Bullet_Cam_Mag FOR 240 POPTABS | PLAYER TOTAL MONEY: 3669
[17:07:59:256098 --4:00] [Thread 10188] PLAYER: ( 76561198076381992 ) R Aurora's Party:4 (Poptart) REMOTE PURCHASED ITEM Exile_Magazine_10Rnd_93x64_DMR_05_Bullet_Cam_Mag FOR 240 POPTABS | PLAYER TOTAL MONEY: 3429
[17:08:00:140458 --4:00] [Thread 7840] PLAYER: ( 76561198076381992 ) R Aurora's Party:4 (Poptart) REMOTE PURCHASED ITEM Exile_Magazine_10Rnd_93x64_DMR_05_Bullet_Cam_Mag FOR 240 POPTABS | PLAYER TOTAL MONEY: 3189
[17:08:01:463982 --4:00] [Thread 10188] PLAYER: ( 76561198076381992 ) R Aurora's Party:4 (Poptart) REMOTE PURCHASED ITEM Exile_Magazine_10Rnd_93x64_DMR_05_Bullet_Cam_Mag FOR 240 POPTABS | PLAYER TOTAL MONEY: 2949
[17:08:02:116731 --4:00] [Thread 7840] PLAYER: ( 76561198076381992 ) R Aurora's Party:4 (Poptart) REMOTE PURCHASED ITEM Exile_Magazine_10Rnd_93x64_DMR_05_Bullet_Cam_Mag FOR 240 POPTABS | PLAYER TOTAL MONEY: 2709
[17:08:02:811566 --4:00] [Thread 10188] PLAYER: ( 76561198076381992 ) R Aurora's Party:4 (Poptart) REMOTE PURCHASED ITEM Exile_Magazine_10Rnd_93x64_DMR_05_Bullet_Cam_Mag FOR 240 POPTABS | PLAYER TOTAL MONEY: 2469
[17:08:59:382900 --4:00] [Thread 3964] PLAYER: ( 76561198076381992 ) R Aurora's Party:4 (Poptart) REMOTE PURCHASED VEHICLE Exile_Car_ProwlerUnarmed FOR 22000 POPTABS | PLAYER TOTAL MONEY: 80469
[17:09:04:455572 --4:00] [Thread 10188] PLAYER: ( 76561198072397859 ) R Aurora's Party:5 (Aurora) REMOTE PURCHASED ITEM Exile_Item_CanOpener FOR 80 POPTABS | PLAYER TOTAL MONEY: 4726
[17:09:21:127945 --4:00] [Thread 7840] PLAYER: ( 76561198076381992 ) R Aurora's Party:4 (Poptart) REMOTE PURCHASED ITEM B_Bergen_mcamo_F FOR 400 POPTABS | PLAYER TOTAL MONEY: 80069
[17:09:51:612181 --4:00] [Thread 11660] PLAYER: ( 76561198072397859 ) R Aurora's Party:5 (Aurora) REMOTE SOLD ITEM: Exile_Bike_QuadBike_Black (ID# 7) with Cargo [] FOR 1250 POPTABS AND 125 RESPECT | PLAYER TOTAL MONEY: 5976
[17:10:09:210857 --4:00] [Thread 7840] PLAYER: ( 76561198072397859 ) R Aurora's Party:5 (Aurora) REMOTE PURCHASED ITEM Exile_Item_DuctTape FOR 300 POPTABS | PLAYER TOTAL MONEY: 5676
[17:10:11:797752 --4:00] [Thread 3964] PLAYER: ( 76561198072397859 ) R Aurora's Party:5 (Aurora) REMOTE PURCHASED ITEM Exile_Item_DuctTape FOR 300 POPTABS | PLAYER TOTAL MONEY: 5376
[17:18:25:000725 --4:00] [Thread 10188] PLAYER: ( 76561198076381992 ) R Aurora's Party:4 (Poptart) REMOTE PURCHASED VEHICLE Exile_Chopper_Mohawk_FIA FOR 45000 POPTABS | PLAYER TOTAL MONEY: 35234
[18:41:58:753309 --4:00] [Thread 11108] PLAYER: ( 76561198076381992 ) R Aurora's Party:3 (Poptart) REMOTE PURCHASED VEHICLE Exile_Car_QilinUnarmed FOR 21000 POPTABS | PLAYER TOTAL MONEY: 31285
[18:44:20:150908 --4:00] [Thread 11108] PLAYER: ( 76561198076381992 ) R Aurora's Party:3 (Poptart) REMOTE SOLD ITEM: Exile_Car_Ural_Covered_Military (ID# <null>) with Cargo ["Exile_Item_PlasticBottleEmpty","30Rnd_65x39_caseless_green","30Rnd_65x39_caseless_green","Exile_Item_PlasticBottleEmpty","Exile_Item_PlasticBottleEmpty","Exile_Item_PlasticBottleEmpty","200Rnd_65x39_cased_Box","200Rnd_65x39_cased_Box","200Rnd_65x39_cased_Box","LMG_Mk200_F","LMG_Mk200_F","Exile_Weapon_TaurusGold","Exile_Magazine_6Rnd_45ACP"] FOR 14458 POPTABS AND 1445.8 RESPECT | PLAYER TOTAL MONEY: 45743
[18:47:54:748165 --4:00] [Thread 11108] PLAYER: ( 76561198076381992 ) R Aurora's Party:3 (Poptart) REMOTE PURCHASED VEHICLE Exile_Chopper_Hellcat_Green FOR 27500 POPTABS | PLAYER TOTAL MONEY: 18243
[18:59:06:939969 --4:00] [Thread 7840] PLAYER: ( 76561198076381992 ) R Aurora's Party:3 (Poptart) REMOTE PURCHASED ITEM 5Rnd_127x108_APDS_Mag FOR 50 POPTABS | PLAYER TOTAL MONEY: 18293
[18:59:08:010807 --4:00] [Thread 10188] PLAYER: ( 76561198076381992 ) R Aurora's Party:3 (Poptart) REMOTE PURCHASED ITEM 5Rnd_127x108_APDS_Mag FOR 50 POPTABS | PLAYER TOTAL MONEY: 18243
[18:59:08:898170 --4:00] [Thread 7840] PLAYER: ( 76561198076381992 ) R Aurora's Party:3 (Poptart) REMOTE PURCHASED ITEM 5Rnd_127x108_APDS_Mag FOR 50 POPTABS | PLAYER TOTAL MONEY: 18193
[18:59:09:780521 --4:00] [Thread 10188] PLAYER: ( 76561198076381992 ) R Aurora's Party:3 (Poptart) REMOTE PURCHASED ITEM 5Rnd_127x108_APDS_Mag FOR 50 POPTABS | PLAYER TOTAL MONEY: 18143
[18:59:10:685923 --4:00] [Thread 7840] PLAYER: ( 76561198076381992 ) R Aurora's Party:3 (Poptart) REMOTE PURCHASED ITEM 5Rnd_127x108_APDS_Mag FOR 50 POPTABS | PLAYER TOTAL MONEY: 18093
[18:59:11:506106 --4:00] [Thread 10188] PLAYER: ( 76561198076381992 ) R Aurora's Party:3 (Poptart) REMOTE PURCHASED ITEM 5Rnd_127x108_APDS_Mag FOR 50 POPTABS | PLAYER TOTAL MONEY: 18043
[18:59:12:323284 --4:00] [Thread 7840] PLAYER: ( 76561198076381992 ) R Aurora's Party:3 (Poptart) REMOTE PURCHASED ITEM 5Rnd_127x108_APDS_Mag FOR 50 POPTABS | PLAYER TOTAL MONEY: 17993
[18:59:13:207638 --4:00] [Thread 10188] PLAYER: ( 76561198076381992 ) R Aurora's Party:3 (Poptart) REMOTE PURCHASED ITEM 5Rnd_127x108_APDS_Mag FOR 50 POPTABS | PLAYER TOTAL MONEY: 17943
[18:59:14:006767 --4:00] [Thread 7840] PLAYER: ( 76561198076381992 ) R Aurora's Party:3 (Poptart) REMOTE PURCHASED ITEM 5Rnd_127x108_APDS_Mag FOR 50 POPTABS | PLAYER TOTAL MONEY: 17893
[19:00:27:482256 --4:00] [Thread 10188] PLAYER: ( 76561198076381992 ) R Aurora's Party:3 (Poptart) REMOTE PURCHASED ITEM Exile_Item_DuctTape FOR 300 POPTABS | PLAYER TOTAL MONEY: 17593
[19:00:28:243287 --4:00] [Thread 7840] PLAYER: ( 76561198076381992 ) R Aurora's Party:3 (Poptart) REMOTE PURCHASED ITEM Exile_Item_DuctTape FOR 300 POPTABS | PLAYER TOTAL MONEY: 17293
[19:00:28:686456 --4:00] [Thread 10188] PLAYER: ( 76561198076381992 ) R Aurora's Party:3 (Poptart) REMOTE PURCHASED ITEM Exile_Item_DuctTape FOR 300 POPTABS | PLAYER TOTAL MONEY: 16993
[19:00:31:550081 --4:00] [Thread 7840] PLAYER: ( 76561198076381992 ) R Aurora's Party:3 (Poptart) REMOTE PURCHASED ITEM Exile_Item_FuelCanisterEmpty FOR 40 POPTABS | PLAYER TOTAL MONEY: 16953
[19:00:31:971207 --4:00] [Thread 10188] PLAYER: ( 76561198076381992 ) R Aurora's Party:3 (Poptart) REMOTE PURCHASED ITEM Exile_Item_FuelCanisterEmpty FOR 40 POPTABS | PLAYER TOTAL MONEY: 16913
[19:00:32:667049 --4:00] [Thread 7840] PLAYER: ( 76561198076381992 ) R Aurora's Party:3 (Poptart) REMOTE PURCHASED ITEM Exile_Item_FuelCanisterEmpty FOR 40 POPTABS | PLAYER TOTAL MONEY: 16873
[19:00:33:193457 --4:00] [Thread 10188] PLAYER: ( 76561198076381992 ) R Aurora's Party:3 (Poptart) REMOTE PURCHASED ITEM Exile_Item_FuelCanisterEmpty FOR 40 POPTABS | PLAYER TOTAL MONEY: 16833
[19:00:34:482908 --4:00] [Thread 7840] PLAYER: ( 76561198076381992 ) R Aurora's Party:3 (Poptart) REMOTE PURCHASED ITEM Exile_Item_FuelCanisterEmpty FOR 40 POPTABS | PLAYER TOTAL MONEY: 16793
[19:01:05:248770 --4:00] [Thread 11108] PLAYER: ( 76561198072397859 ) R Aurora's Party:4 (Aurora) REMOTE SOLD ITEM: Exile_Car_Zamak (ID# <null>) with Cargo ["B_AssaultPack_blk","11Rnd_45ACP_Mag","Exile_Magazine_7Rnd_45ACP","30Rnd_65x39_caseless_mag","30Rnd_65x39_caseless_mag","30Rnd_65x39_caseless_mag","30Rnd_65x39_caseless_mag","30Rnd_65x39_caseless_mag","30Rnd_65x39_caseless_mag","30Rnd_545x39_Mag_F","arifle_TRG20_F","30Rnd_556x45_Stanag","arifle_SPAR_01_khk_F","30Rnd_556x45_Stanag","Exile_Weapon_Colt1911","Exile_Magazine_7Rnd_45ACP","arifle_AKS_F","30Rnd_545x39_Mag_F","Exile_Weapon_TaurusGold","Exile_Magazine_6Rnd_45ACP","Exile_Weapon_AK74_GL","Exile_Magazine_30Rnd_545x39_AK","arifle_Katiba_F","30Rnd_65x39_caseless_green","arifle_MX_Black_F","30Rnd_65x39_caseless_mag","optic_Arco_blk_F","optic_Nightstalker","V_TacVest_gen_F"] FOR 23386 POPTABS AND 2338.6 RESPECT | PLAYER TOTAL MONEY: 23936
[19:02:33:174756 --4:00] [Thread 11108] PLAYER: ( 76561198039386396 ) R Aurora's Party:5 (grimm9) REMOTE SOLD ITEM optic_AMS_khk FOR 150 POPTABS AND 15 RESPECT | PLAYER TOTAL MONEY: 10465
[19:03:27:119219 --4:00] [Thread 10188] PLAYER: ( 76561198039386396 ) R Aurora's Party:5 (grimm9) REMOTE PURCHASED ITEM optic_MRCO FOR 100 POPTABS | PLAYER TOTAL MONEY: 10365
[19:05:15:667027 --4:00] [Thread 10188] PLAYER: ( 76561198039386396 ) R Aurora's Party:5 (grimm9) REMOTE PURCHASED ITEM G_Spectacles FOR 6 POPTABS | PLAYER TOTAL MONEY: 10359
[19:06:14:896634 --4:00] [Thread 11108] PLAYER: ( 76561198039386396 ) R Aurora's Party:5 (grimm9) REMOTE PURCHASED ITEM Exile_Item_Noodles FOR 14 POPTABS | PLAYER TOTAL MONEY: 10345
[19:06:16:643279 --4:00] [Thread 10188] PLAYER: ( 76561198039386396 ) R Aurora's Party:5 (grimm9) REMOTE PURCHASED ITEM Exile_Item_Noodles FOR 14 POPTABS | PLAYER TOTAL MONEY: 10331
[19:06:18:054033 --4:00] [Thread 11108] PLAYER: ( 76561198039386396 ) R Aurora's Party:5 (grimm9) REMOTE PURCHASED ITEM Exile_Item_Noodles FOR 14 POPTABS | PLAYER TOTAL MONEY: 10317
[19:06:18:640591 --4:00] [Thread 10188] PLAYER: ( 76561198039386396 ) R Aurora's Party:5 (grimm9) REMOTE PURCHASED ITEM Exile_Item_Noodles FOR 14 POPTABS | PLAYER TOTAL MONEY: 10303
[19:07:51:514138 --4:00] [Thread 11660] PLAYER: ( 76561198039386396 ) R Aurora's Party:5 (grimm9) REMOTE PURCHASED VEHICLE Exile_Car_Golf_Red FOR 8000 POPTABS | PLAYER TOTAL MONEY: 2303
